---------------------------------------------------------------
[ 2019-01-20T12:21:58+08:00 ] 127.0.0.1 GET /
[ info ] car.com/ [运行时间：1.097945s][吞吐率：0.91req/s] [内存消耗：1,561.86kb] [文件加载：75]
[ info ] [ LANG ] E:\car_subsystem\thinkphp\lang\zh-cn.php
[ info ] [ ROUTE ] array (
)
[ info ] [ HEADER ] array (
  'accept-language' => 'zh-CN,zh;q=0.9,en;q=0.8',
  'accept-encoding' => 'gzip, deflate',
  'accept' => 'text/html,application/xhtml+xml,application/xml;q=0.9,image/webp,image/apng,*/*;q=0.8',
  'user-agent' => 'Mozilla/5.0 (Windows NT 10.0; WOW64) AppleWebKit/537.36 (KHTML, like Gecko) Chrome/68.0.3440.106 Safari/537.36',
  'upgrade-insecure-requests' => '1',
  'connection' => 'close',
  'host' => 'car.com',
)
[ info ] [ PARAM ] array (
)
[ info ] [ DB ] INIT mysql
[ info ] [ BEHAVIOR ] Run Closure @action_begin [ RunTime:0.000186s ]
[ info ] [ VIEW ] E:\car_subsystem/application/index\view\index\index.html [ array (
  0 => 'has_sale',
  1 => 'classuri',
  2 => 'list',
  3 => 'images',
  4 => 'jiaoche',
) ]
[ info ] [ LOG ] INIT File
---------------------------------------------------------------
[ 2019-01-20T12:22:00+08:00 ] 127.0.0.1 GET /favicon.ico
[ info ] car.com/favicon.ico [运行时间：0.140697s][吞吐率：7.11req/s] [内存消耗：391.50kb] [文件加载：55]
[ info ] [ LANG ] E:\car_subsystem\thinkphp\lang\zh-cn.php
[ info ] [ ROUTE ] array (
)
[ info ] [ HEADER ] array (
  'accept-language' => 'zh-CN,zh;q=0.9,en;q=0.8',
  'accept-encoding' => 'gzip, deflate',
  'referer' => 'http://car.com/',
  'accept' => 'image/webp,image/apng,image/*,*/*;q=0.8',
  'user-agent' => 'Mozilla/5.0 (Windows NT 10.0; WOW64) AppleWebKit/537.36 (KHTML, like Gecko) Chrome/68.0.3440.106 Safari/537.36',
  'connection' => 'close',
  'host' => 'car.com',
)
[ info ] [ PARAM ] array (
  '/favicon_ico' => '',
)
[ info ] [ LOG ] INIT File
---------------------------------------------------------------
[ 2019-01-20T12:22:05+08:00 ] 127.0.0.1 GET /index.php
[ info ] car.com/index.php [运行时间：0.412921s][吞吐率：2.42req/s] [内存消耗：1,561.73kb] [文件加载：75]
[ info ] [ LANG ] E:\car_subsystem\thinkphp\lang\zh-cn.php
[ info ] [ ROUTE ] array (
)
[ info ] [ HEADER ] array (
  'accept-language' => 'zh-CN,zh;q=0.9,en;q=0.8',
  'accept-encoding' => 'gzip, deflate',
  'accept' => 'text/html,application/xhtml+xml,application/xml;q=0.9,image/webp,image/apng,*/*;q=0.8',
  'user-agent' => 'Mozilla/5.0 (Windows NT 10.0; WOW64) AppleWebKit/537.36 (KHTML, like Gecko) Chrome/68.0.3440.106 Safari/537.36',
  'upgrade-insecure-requests' => '1',
  'connection' => 'close',
  'host' => 'car.com',
)
[ info ] [ PARAM ] array (
)
[ info ] [ DB ] INIT mysql
[ info ] [ BEHAVIOR ] Run Closure @action_begin [ RunTime:0.000175s ]
[ info ] [ VIEW ] E:\car_subsystem/application/index\view\index\index.html [ array (
  0 => 'has_sale',
  1 => 'classuri',
  2 => 'list',
  3 => 'images',
  4 => 'jiaoche',
) ]
[ info ] [ LOG ] INIT File
---------------------------------------------------------------
[ 2019-01-20T12:22:11+08:00 ] 127.0.0.1 GET /index.php/admin
[ info ] car.com/index.php/admin [运行时间：0.665568s][吞吐率：1.50req/s] [内存消耗：3,240.15kb] [文件加载：130]
[ info ] [ LANG ] E:\car_subsystem\thinkphp\lang\zh-cn.php
[ info ] [ ROUTE ] array (
)
[ info ] [ HEADER ] array (
  'accept-language' => 'zh-CN,zh;q=0.9,en;q=0.8',
  'accept-encoding' => 'gzip, deflate',
  'accept' => 'text/html,application/xhtml+xml,application/xml;q=0.9,image/webp,image/apng,*/*;q=0.8',
  'user-agent' => 'Mozilla/5.0 (Windows NT 10.0; WOW64) AppleWebKit/537.36 (KHTML, like Gecko) Chrome/68.0.3440.106 Safari/537.36',
  'upgrade-insecure-requests' => '1',
  'connection' => 'close',
  'host' => 'car.com',
)
[ info ] [ PARAM ] array (
)
[ info ] [ DB ] INIT mysql
[ info ] [ CACHE ] INIT File
[ info ] [ BEHAVIOR ] Run Closure @action_begin [ RunTime:0.122728s ]
[ info ] [ SESSION ] INIT array (
  'id' => '',
  'var_session_id' => 's0450de09',
  'prefix' => 'ta',
  'type' => '',
  'auto_start' => true,
  'httponly' => true,
  'secure' => false,
  'path' => 'E:\\car_subsystem\\runtime\\sess\\',
  'name' => 's0450de09',
)
[ info ] [ LOG ] INIT File
---------------------------------------------------------------
[ 2019-01-20T12:22:45+08:00 ] 127.0.0.1 GET /index.php/index/word/testimage
[ info ] car.com/index.php/index/word/testimage [运行时间：0.093099s][吞吐率：10.74req/s] [内存消耗：676.95kb] [文件加载：63]
[ info ] [ LANG ] E:\car_subsystem\thinkphp\lang\zh-cn.php
[ info ] [ ROUTE ] array (
)
[ info ] [ HEADER ] array (
  'cookie' => 's0450de09=q8uoiiq485o70im0r4gdt50890',
  'accept-language' => 'zh-CN,zh;q=0.9,en;q=0.8',
  'accept-encoding' => 'gzip, deflate',
  'accept' => 'text/html,application/xhtml+xml,application/xml;q=0.9,image/webp,image/apng,*/*;q=0.8',
  'user-agent' => 'Mozilla/5.0 (Windows NT 10.0; WOW64) AppleWebKit/537.36 (KHTML, like Gecko) Chrome/68.0.3440.106 Safari/537.36',
  'upgrade-insecure-requests' => '1',
  'connection' => 'close',
  'host' => 'car.com',
)
[ info ] [ PARAM ] array (
)
[ info ] [ LOG ] INIT File
---------------------------------------------------------------
[ 2019-01-20T12:22:49+08:00 ] 127.0.0.1 GET /index.php/index/word/testamage
[ info ] car.com/index.php/index/word/testamage [运行时间：0.175741s][吞吐率：5.69req/s] [内存消耗：676.95kb] [文件加载：63]
[ info ] [ LANG ] E:\car_subsystem\thinkphp\lang\zh-cn.php
[ info ] [ ROUTE ] array (
)
[ info ] [ HEADER ] array (
  'cookie' => 's0450de09=q8uoiiq485o70im0r4gdt50890',
  'accept-language' => 'zh-CN,zh;q=0.9,en;q=0.8',
  'accept-encoding' => 'gzip, deflate',
  'accept' => 'text/html,application/xhtml+xml,application/xml;q=0.9,image/webp,image/apng,*/*;q=0.8',
  'user-agent' => 'Mozilla/5.0 (Windows NT 10.0; WOW64) AppleWebKit/537.36 (KHTML, like Gecko) Chrome/68.0.3440.106 Safari/537.36',
  'upgrade-insecure-requests' => '1',
  'connection' => 'close',
  'host' => 'car.com',
)
[ info ] [ PARAM ] array (
)
[ info ] [ LOG ] INIT File
---------------------------------------------------------------
[ 2019-01-20T12:22:55+08:00 ] 127.0.0.1 GET /index.php/index/word/testimage
[ info ] car.com/index.php/index/word/testimage [运行时间：0.103484s][吞吐率：9.66req/s] [内存消耗：676.95kb] [文件加载：63]
[ info ] [ LANG ] E:\car_subsystem\thinkphp\lang\zh-cn.php
[ info ] [ ROUTE ] array (
)
[ info ] [ HEADER ] array (
  'cookie' => 's0450de09=q8uoiiq485o70im0r4gdt50890',
  'accept-language' => 'zh-CN,zh;q=0.9,en;q=0.8',
  'accept-encoding' => 'gzip, deflate',
  'accept' => 'text/html,application/xhtml+xml,application/xml;q=0.9,image/webp,image/apng,*/*;q=0.8',
  'user-agent' => 'Mozilla/5.0 (Windows NT 10.0; WOW64) AppleWebKit/537.36 (KHTML, like Gecko) Chrome/68.0.3440.106 Safari/537.36',
  'upgrade-insecure-requests' => '1',
  'connection' => 'close',
  'host' => 'car.com',
)
[ info ] [ PARAM ] array (
)
[ info ] [ LOG ] INIT File
---------------------------------------------------------------
[ 2019-01-20T12:23:13+08:00 ] 127.0.0.1 GET /index.php/index/word/testimage
[ info ] car.com/index.php/index/word/testimage [运行时间：0.169107s][吞吐率：5.91req/s] [内存消耗：670.30kb] [文件加载：60]
[ info ] [ LANG ] E:\car_subsystem\thinkphp\lang\zh-cn.php
[ info ] [ ROUTE ] array (
)
[ info ] [ HEADER ] array (
  'cookie' => 's0450de09=q8uoiiq485o70im0r4gdt50890',
  'accept-language' => 'zh-CN,zh;q=0.9,en;q=0.8',
  'accept-encoding' => 'gzip, deflate',
  'accept' => 'text/html,application/xhtml+xml,application/xml;q=0.9,image/webp,image/apng,*/*;q=0.8',
  'user-agent' => 'Mozilla/5.0 (Windows NT 10.0; WOW64) AppleWebKit/537.36 (KHTML, like Gecko) Chrome/68.0.3440.106 Safari/537.36',
  'upgrade-insecure-requests' => '1',
  'cache-control' => 'max-age=0',
  'connection' => 'close',
  'host' => 'car.com',
)
[ info ] [ PARAM ] array (
)
[ info ] [ BEHAVIOR ] Run Closure @action_begin [ RunTime:0.000225s ]
[ info ] [ LOG ] INIT File
---------------------------------------------------------------
[ 2019-01-20T12:25:12+08:00 ] 127.0.0.1 GET /index.php/index/word/testimage
[ info ] car.com/index.php/index/word/testimage [运行时间：0.291834s][吞吐率：3.43req/s] [内存消耗：770.65kb] [文件加载：65]
[ info ] [ LANG ] E:\car_subsystem\thinkphp\lang\zh-cn.php
[ info ] [ ROUTE ] array (
)
[ info ] [ HEADER ] array (
  'cookie' => 's0450de09=q8uoiiq485o70im0r4gdt50890',
  'accept-language' => 'zh-CN,zh;q=0.9,en;q=0.8',
  'accept-encoding' => 'gzip, deflate',
  'accept' => 'text/html,application/xhtml+xml,application/xml;q=0.9,image/webp,image/apng,*/*;q=0.8',
  'user-agent' => 'Mozilla/5.0 (Windows NT 10.0; WOW64) AppleWebKit/537.36 (KHTML, like Gecko) Chrome/68.0.3440.106 Safari/537.36',
  'upgrade-insecure-requests' => '1',
  'cache-control' => 'max-age=0',
  'connection' => 'close',
  'host' => 'car.com',
)
[ info ] [ PARAM ] array (
)
[ info ] [ BEHAVIOR ] Run Closure @action_begin [ RunTime:0.008507s ]
[ info ] [ LOG ] INIT File
---------------------------------------------------------------
[ 2019-01-20T12:26:40+08:00 ] 127.0.0.1 GET /index.php/index/word/testimage
[ info ] car.com/index.php/index/word/testimage [运行时间：0.222988s][吞吐率：4.48req/s] [内存消耗：770.64kb] [文件加载：65]
[ info ] [ LANG ] E:\car_subsystem\thinkphp\lang\zh-cn.php
[ info ] [ ROUTE ] array (
)
[ info ] [ HEADER ] array (
  'cookie' => 's0450de09=q8uoiiq485o70im0r4gdt50890',
  'accept-language' => 'zh-CN,zh;q=0.9,en;q=0.8',
  'accept-encoding' => 'gzip, deflate',
  'accept' => 'text/html,application/xhtml+xml,application/xml;q=0.9,image/webp,image/apng,*/*;q=0.8',
  'user-agent' => 'Mozilla/5.0 (Windows NT 10.0; WOW64) AppleWebKit/537.36 (KHTML, like Gecko) Chrome/68.0.3440.106 Safari/537.36',
  'upgrade-insecure-requests' => '1',
  'cache-control' => 'max-age=0',
  'connection' => 'close',
  'host' => 'car.com',
)
[ info ] [ PARAM ] array (
)
[ info ] [ BEHAVIOR ] Run Closure @action_begin [ RunTime:0.000341s ]
[ info ] [ LOG ] INIT File
---------------------------------------------------------------
[ 2019-01-20T12:26:42+08:00 ] 127.0.0.1 GET /index.php/index/word/testimage
[ info ] car.com/index.php/index/word/testimage [运行时间：0.083376s][吞吐率：11.99req/s] [内存消耗：770.64kb] [文件加载：65]
[ info ] [ LANG ] E:\car_subsystem\thinkphp\lang\zh-cn.php
[ info ] [ ROUTE ] array (
)
[ info ] [ HEADER ] array (
  'cookie' => 's0450de09=q8uoiiq485o70im0r4gdt50890',
  'accept-language' => 'zh-CN,zh;q=0.9,en;q=0.8',
  'accept-encoding' => 'gzip, deflate',
  'accept' => 'text/html,application/xhtml+xml,application/xml;q=0.9,image/webp,image/apng,*/*;q=0.8',
  'user-agent' => 'Mozilla/5.0 (Windows NT 10.0; WOW64) AppleWebKit/537.36 (KHTML, like Gecko) Chrome/68.0.3440.106 Safari/537.36',
  'upgrade-insecure-requests' => '1',
  'cache-control' => 'max-age=0',
  'connection' => 'close',
  'host' => 'car.com',
)
[ info ] [ PARAM ] array (
)
[ info ] [ BEHAVIOR ] Run Closure @action_begin [ RunTime:0.000181s ]
[ info ] [ LOG ] INIT File
---------------------------------------------------------------
[ 2019-01-20T12:27:17+08:00 ] 127.0.0.1 GET /index.php/index/word/testimage
[ info ] car.com/index.php/index/word/testimage [运行时间：0.218144s][吞吐率：4.58req/s] [内存消耗：737.88kb] [文件加载：61]
[ info ] [ LANG ] E:\car_subsystem\thinkphp\lang\zh-cn.php
[ info ] [ ROUTE ] array (
)
[ info ] [ HEADER ] array (
  'cookie' => 's0450de09=q8uoiiq485o70im0r4gdt50890',
  'accept-language' => 'zh-CN,zh;q=0.9,en;q=0.8',
  'accept-encoding' => 'gzip, deflate',
  'accept' => 'text/html,application/xhtml+xml,application/xml;q=0.9,image/webp,image/apng,*/*;q=0.8',
  'user-agent' => 'Mozilla/5.0 (Windows NT 10.0; WOW64) AppleWebKit/537.36 (KHTML, like Gecko) Chrome/68.0.3440.106 Safari/537.36',
  'upgrade-insecure-requests' => '1',
  'cache-control' => 'max-age=0',
  'connection' => 'close',
  'host' => 'car.com',
)
[ info ] [ PARAM ] array (
)
[ info ] [ BEHAVIOR ] Run Closure @action_begin [ RunTime:0.000201s ]
[ info ] [ LOG ] INIT File
---------------------------------------------------------------
[ 2019-01-20T12:27:23+08:00 ] 127.0.0.1 GET /index.php/index/word/testimage
[ info ] car.com/index.php/index/word/testimage [运行时间：0.217372s][吞吐率：4.60req/s] [内存消耗：737.85kb] [文件加载：61]
[ info ] [ LANG ] E:\car_subsystem\thinkphp\lang\zh-cn.php
[ info ] [ ROUTE ] array (
)
[ info ] [ HEADER ] array (
  'cookie' => 's0450de09=q8uoiiq485o70im0r4gdt50890',
  'accept-language' => 'zh-CN,zh;q=0.9,en;q=0.8',
  'accept-encoding' => 'gzip, deflate',
  'accept' => 'text/html,application/xhtml+xml,application/xml;q=0.9,image/webp,image/apng,*/*;q=0.8',
  'user-agent' => 'Mozilla/5.0 (Windows NT 10.0; WOW64) AppleWebKit/537.36 (KHTML, like Gecko) Chrome/68.0.3440.106 Safari/537.36',
  'upgrade-insecure-requests' => '1',
  'cache-control' => 'max-age=0',
  'connection' => 'close',
  'host' => 'car.com',
)
[ info ] [ PARAM ] array (
)
[ info ] [ BEHAVIOR ] Run Closure @action_begin [ RunTime:0.000194s ]
[ info ] [ LOG ] INIT File
---------------------------------------------------------------
[ 2019-01-20T12:27:23+08:00 ] 127.0.0.1 GET /index.php/index/word/testimage
[ info ] car.com/index.php/index/word/testimage [运行时间：0.176031s][吞吐率：5.68req/s] [内存消耗：737.85kb] [文件加载：61]
[ info ] [ LANG ] E:\car_subsystem\thinkphp\lang\zh-cn.php
[ info ] [ ROUTE ] array (
)
[ info ] [ HEADER ] array (
  'cookie' => 's0450de09=q8uoiiq485o70im0r4gdt50890',
  'accept-language' => 'zh-CN,zh;q=0.9,en;q=0.8',
  'accept-encoding' => 'gzip, deflate',
  'accept' => 'text/html,application/xhtml+xml,application/xml;q=0.9,image/webp,image/apng,*/*;q=0.8',
  'user-agent' => 'Mozilla/5.0 (Windows NT 10.0; WOW64) AppleWebKit/537.36 (KHTML, like Gecko) Chrome/68.0.3440.106 Safari/537.36',
  'upgrade-insecure-requests' => '1',
  'cache-control' => 'max-age=0',
  'connection' => 'close',
  'host' => 'car.com',
)
[ info ] [ PARAM ] array (
)
[ info ] [ BEHAVIOR ] Run Closure @action_begin [ RunTime:0.000196s ]
[ info ] [ LOG ] INIT File
---------------------------------------------------------------
[ 2019-01-20T12:28:29+08:00 ] 127.0.0.1 GET /index.php/index/word/testimage
[ info ] car.com/index.php/index/word/testimage [运行时间：0.189126s][吞吐率：5.29req/s] [内存消耗：737.67kb] [文件加载：61]
[ info ] [ LANG ] E:\car_subsystem\thinkphp\lang\zh-cn.php
[ info ] [ ROUTE ] array (
)
[ info ] [ HEADER ] array (
  'cookie' => 's0450de09=q8uoiiq485o70im0r4gdt50890',
  'accept-language' => 'zh-CN,zh;q=0.9,en;q=0.8',
  'accept-encoding' => 'gzip, deflate',
  'accept' => 'text/html,application/xhtml+xml,application/xml;q=0.9,image/webp,image/apng,*/*;q=0.8',
  'user-agent' => 'Mozilla/5.0 (Windows NT 10.0; WOW64) AppleWebKit/537.36 (KHTML, like Gecko) Chrome/68.0.3440.106 Safari/537.36',
  'upgrade-insecure-requests' => '1',
  'connection' => 'close',
  'host' => 'car.com',
)
[ info ] [ PARAM ] array (
)
[ info ] [ BEHAVIOR ] Run Closure @action_begin [ RunTime:0.000197s ]
[ info ] [ LOG ] INIT File
---------------------------------------------------------------
[ 2019-01-20T12:30:02+08:00 ] 127.0.0.1 GET /index.php/index/word/testimage
[ info ] car.com/index.php/index/word/testimage [运行时间：0.528028s][吞吐率：1.89req/s] [内存消耗：738.75kb] [文件加载：61]
[ info ] [ LANG ] E:\car_subsystem\thinkphp\lang\zh-cn.php
[ info ] [ ROUTE ] array (
)
[ info ] [ HEADER ] array (
  'cookie' => 's0450de09=q8uoiiq485o70im0r4gdt50890',
  'accept-language' => 'zh-CN,zh;q=0.9,en;q=0.8',
  'accept-encoding' => 'gzip, deflate',
  'accept' => 'text/html,application/xhtml+xml,application/xml;q=0.9,image/webp,image/apng,*/*;q=0.8',
  'user-agent' => 'Mozilla/5.0 (Windows NT 10.0; WOW64) AppleWebKit/537.36 (KHTML, like Gecko) Chrome/68.0.3440.106 Safari/537.36',
  'upgrade-insecure-requests' => '1',
  'cache-control' => 'max-age=0',
  'connection' => 'close',
  'host' => 'car.com',
)
[ info ] [ PARAM ] array (
)
[ info ] [ BEHAVIOR ] Run Closure @action_begin [ RunTime:0.000241s ]
[ info ] [ LOG ] INIT File
---------------------------------------------------------------
[ 2019-01-20T12:37:39+08:00 ] 127.0.0.1 GET /index.php/index/word/testimage
[ info ] car.com/index.php/index/word/testimage [运行时间：0.380784s][吞吐率：2.63req/s] [内存消耗：738.70kb] [文件加载：61]
[ info ] [ LANG ] E:\car_subsystem\thinkphp\lang\zh-cn.php
[ info ] [ ROUTE ] array (
)
[ info ] [ HEADER ] array (
  'cookie' => 's0450de09=q8uoiiq485o70im0r4gdt50890',
  'accept-language' => 'zh-CN,zh;q=0.9,en;q=0.8',
  'accept-encoding' => 'gzip, deflate',
  'accept' => 'text/html,application/xhtml+xml,application/xml;q=0.9,image/webp,image/apng,*/*;q=0.8',
  'user-agent' => 'Mozilla/5.0 (Windows NT 10.0; WOW64) AppleWebKit/537.36 (KHTML, like Gecko) Chrome/68.0.3440.106 Safari/537.36',
  'upgrade-insecure-requests' => '1',
  'cache-control' => 'max-age=0',
  'connection' => 'close',
  'host' => 'car.com',
)
[ info ] [ PARAM ] array (
)
[ info ] [ BEHAVIOR ] Run Closure @action_begin [ RunTime:0.000206s ]
[ info ] [ LOG ] INIT File
---------------------------------------------------------------
[ 2019-01-20T12:38:16+08:00 ] 127.0.0.1 GET /index.php/index/word/testimage
[ info ] car.com/index.php/index/word/testimage [运行时间：0.445321s][吞吐率：2.25req/s] [内存消耗：738.73kb] [文件加载：61]
[ info ] [ LANG ] E:\car_subsystem\thinkphp\lang\zh-cn.php
[ info ] [ ROUTE ] array (
)
[ info ] [ HEADER ] array (
  'cookie' => 's0450de09=q8uoiiq485o70im0r4gdt50890',
  'accept-language' => 'zh-CN,zh;q=0.9,en;q=0.8',
  'accept-encoding' => 'gzip, deflate',
  'accept' => 'text/html,application/xhtml+xml,application/xml;q=0.9,image/webp,image/apng,*/*;q=0.8',
  'user-agent' => 'Mozilla/5.0 (Windows NT 10.0; WOW64) AppleWebKit/537.36 (KHTML, like Gecko) Chrome/68.0.3440.106 Safari/537.36',
  'upgrade-insecure-requests' => '1',
  'cache-control' => 'max-age=0',
  'connection' => 'close',
  'host' => 'car.com',
)
[ info ] [ PARAM ] array (
)
[ info ] [ BEHAVIOR ] Run Closure @action_begin [ RunTime:0.000523s ]
[ info ] [ LOG ] INIT File
---------------------------------------------------------------
[ 2019-01-20T12:38:47+08:00 ] 127.0.0.1 GET /index.php/index/word/testimage
[ info ] car.com/index.php/index/word/testimage [运行时间：0.466785s][吞吐率：2.14req/s] [内存消耗：738.73kb] [文件加载：61]
[ info ] [ LANG ] E:\car_subsystem\thinkphp\lang\zh-cn.php
[ info ] [ ROUTE ] array (
)
[ info ] [ HEADER ] array (
  'cookie' => 's0450de09=q8uoiiq485o70im0r4gdt50890',
  'accept-language' => 'zh-CN,zh;q=0.9,en;q=0.8',
  'accept-encoding' => 'gzip, deflate',
  'accept' => 'text/html,application/xhtml+xml,application/xml;q=0.9,image/webp,image/apng,*/*;q=0.8',
  'user-agent' => 'Mozilla/5.0 (Windows NT 10.0; WOW64) AppleWebKit/537.36 (KHTML, like Gecko) Chrome/68.0.3440.106 Safari/537.36',
  'upgrade-insecure-requests' => '1',
  'cache-control' => 'max-age=0',
  'connection' => 'close',
  'host' => 'car.com',
)
[ info ] [ PARAM ] array (
)
[ info ] [ BEHAVIOR ] Run Closure @action_begin [ RunTime:0.000223s ]
[ info ] [ LOG ] INIT File
---------------------------------------------------------------
[ 2019-01-20T12:39:09+08:00 ] 127.0.0.1 GET /index.php/index/word/testimage
[ info ] car.com/index.php/index/word/testimage [运行时间：0.475578s][吞吐率：2.10req/s] [内存消耗：738.73kb] [文件加载：61]
[ info ] [ LANG ] E:\car_subsystem\thinkphp\lang\zh-cn.php
[ info ] [ ROUTE ] array (
)
[ info ] [ HEADER ] array (
  'cookie' => 's0450de09=q8uoiiq485o70im0r4gdt50890',
  'accept-language' => 'zh-CN,zh;q=0.9,en;q=0.8',
  'accept-encoding' => 'gzip, deflate',
  'accept' => 'text/html,application/xhtml+xml,application/xml;q=0.9,image/webp,image/apng,*/*;q=0.8',
  'user-agent' => 'Mozilla/5.0 (Windows NT 10.0; WOW64) AppleWebKit/537.36 (KHTML, like Gecko) Chrome/68.0.3440.106 Safari/537.36',
  'upgrade-insecure-requests' => '1',
  'cache-control' => 'max-age=0',
  'connection' => 'close',
  'host' => 'car.com',
)
[ info ] [ PARAM ] array (
)
[ info ] [ BEHAVIOR ] Run Closure @action_begin [ RunTime:0.000221s ]
[ info ] [ LOG ] INIT File
---------------------------------------------------------------
[ 2019-01-20T12:39:43+08:00 ] 127.0.0.1 GET /index.php/index/word/testimage
[ info ] car.com/index.php/index/word/testimage [运行时间：0.439566s][吞吐率：2.27req/s] [内存消耗：738.86kb] [文件加载：61]
[ info ] [ LANG ] E:\car_subsystem\thinkphp\lang\zh-cn.php
[ info ] [ ROUTE ] array (
)
[ info ] [ HEADER ] array (
  'cookie' => 's0450de09=q8uoiiq485o70im0r4gdt50890',
  'accept-language' => 'zh-CN,zh;q=0.9,en;q=0.8',
  'accept-encoding' => 'gzip, deflate',
  'accept' => 'text/html,application/xhtml+xml,application/xml;q=0.9,image/webp,image/apng,*/*;q=0.8',
  'user-agent' => 'Mozilla/5.0 (Windows NT 10.0; WOW64) AppleWebKit/537.36 (KHTML, like Gecko) Chrome/68.0.3440.106 Safari/537.36',
  'upgrade-insecure-requests' => '1',
  'cache-control' => 'max-age=0',
  'connection' => 'close',
  'host' => 'car.com',
)
[ info ] [ PARAM ] array (
)
[ info ] [ BEHAVIOR ] Run Closure @action_begin [ RunTime:0.000273s ]
[ info ] [ LOG ] INIT File
---------------------------------------------------------------
[ 2019-01-20T12:46:18+08:00 ] 127.0.0.1 GET /index.php/index/word/testimage
[ info ] car.com/index.php/index/word/testimage [运行时间：0.788465s][吞吐率：1.27req/s] [内存消耗：739.01kb] [文件加载：61]
[ info ] [ LANG ] E:\car_subsystem\thinkphp\lang\zh-cn.php
[ info ] [ ROUTE ] array (
)
[ info ] [ HEADER ] array (
  'cookie' => 's0450de09=q8uoiiq485o70im0r4gdt50890',
  'accept-language' => 'zh-CN,zh;q=0.9,en;q=0.8',
  'accept-encoding' => 'gzip, deflate',
  'accept' => 'text/html,application/xhtml+xml,application/xml;q=0.9,image/webp,image/apng,*/*;q=0.8',
  'user-agent' => 'Mozilla/5.0 (Windows NT 10.0; WOW64) AppleWebKit/537.36 (KHTML, like Gecko) Chrome/68.0.3440.106 Safari/537.36',
  'upgrade-insecure-requests' => '1',
  'connection' => 'close',
  'host' => 'car.com',
)
[ info ] [ PARAM ] array (
)
[ info ] [ BEHAVIOR ] Run Closure @action_begin [ RunTime:0.000237s ]
[ info ] [ LOG ] INIT File
---------------------------------------------------------------
[ 2019-01-20T12:50:27+08:00 ] 127.0.0.1 GET /index.php/index/word/testimage
[ info ] car.com/index.php/index/word/testimage [运行时间：0.696196s][吞吐率：1.44req/s] [内存消耗：739.98kb] [文件加载：61]
[ info ] [ LANG ] E:\car_subsystem\thinkphp\lang\zh-cn.php
[ info ] [ ROUTE ] array (
)
[ info ] [ HEADER ] array (
  'cookie' => 's0450de09=q8uoiiq485o70im0r4gdt50890',
  'accept-language' => 'zh-CN,zh;q=0.9,en;q=0.8',
  'accept-encoding' => 'gzip, deflate',
  'accept' => 'text/html,application/xhtml+xml,application/xml;q=0.9,image/webp,image/apng,*/*;q=0.8',
  'user-agent' => 'Mozilla/5.0 (Windows NT 10.0; WOW64) AppleWebKit/537.36 (KHTML, like Gecko) Chrome/68.0.3440.106 Safari/537.36',
  'upgrade-insecure-requests' => '1',
  'cache-control' => 'max-age=0',
  'connection' => 'close',
  'host' => 'car.com',
)
[ info ] [ PARAM ] array (
)
[ info ] [ BEHAVIOR ] Run Closure @action_begin [ RunTime:0.000257s ]
[ info ] [ LOG ] INIT File
---------------------------------------------------------------
[ 2019-01-20T12:50:44+08:00 ] 127.0.0.1 GET /index.php/index/word/testimage
[ info ] car.com/index.php/index/word/testimage [运行时间：0.484395s][吞吐率：2.06req/s] [内存消耗：739.98kb] [文件加载：61]
[ info ] [ LANG ] E:\car_subsystem\thinkphp\lang\zh-cn.php
[ info ] [ ROUTE ] array (
)
[ info ] [ HEADER ] array (
  'cookie' => 's0450de09=q8uoiiq485o70im0r4gdt50890',
  'accept-language' => 'zh-CN,zh;q=0.9,en;q=0.8',
  'accept-encoding' => 'gzip, deflate',
  'accept' => 'text/html,application/xhtml+xml,application/xml;q=0.9,image/webp,image/apng,*/*;q=0.8',
  'user-agent' => 'Mozilla/5.0 (Windows NT 10.0; WOW64) AppleWebKit/537.36 (KHTML, like Gecko) Chrome/68.0.3440.106 Safari/537.36',
  'upgrade-insecure-requests' => '1',
  'cache-control' => 'max-age=0',
  'connection' => 'close',
  'host' => 'car.com',
)
[ info ] [ PARAM ] array (
)
[ info ] [ BEHAVIOR ] Run Closure @action_begin [ RunTime:0.000215s ]
[ info ] [ LOG ] INIT File
---------------------------------------------------------------
[ 2019-01-20T12:58:34+08:00 ] 127.0.0.1 GET /index.php/index/word/create_word?contract_id=49
[ info ] car.com/index.php/index/word/create_word?contract_id=49 [运行时间：0.494906s][吞吐率：2.02req/s] [内存消耗：1,535.34kb] [文件加载：71]
[ info ] [ LANG ] E:\car_subsystem\thinkphp\lang\zh-cn.php
[ info ] [ ROUTE ] array (
)
[ info ] [ HEADER ] array (
  'cookie' => 's0450de09=q8uoiiq485o70im0r4gdt50890',
  'accept-language' => 'zh-CN,zh;q=0.9,en;q=0.8',
  'accept-encoding' => 'gzip, deflate',
  'accept' => 'text/html,application/xhtml+xml,application/xml;q=0.9,image/webp,image/apng,*/*;q=0.8',
  'user-agent' => 'Mozilla/5.0 (Windows NT 10.0; WOW64) AppleWebKit/537.36 (KHTML, like Gecko) Chrome/68.0.3440.106 Safari/537.36',
  'upgrade-insecure-requests' => '1',
  'connection' => 'close',
  'host' => 'car.com',
)
[ info ] [ PARAM ] array (
  'contract_id' => '49',
)
[ info ] [ BEHAVIOR ] Run Closure @action_begin [ RunTime:0.000581s ]
[ info ] [ DB ] INIT mysql
[ info ] [ LOG ] INIT File
---------------------------------------------------------------
[ 2019-01-20T12:58:53+08:00 ] 127.0.0.1 GET /index.php/index/word/create_word?contract_id=49
[ info ] car.com/index.php/index/word/create_word?contract_id=49 [运行时间：0.762946s][吞吐率：1.31req/s] [内存消耗：1,503.88kb] [文件加载：67]
[ info ] [ LANG ] E:\car_subsystem\thinkphp\lang\zh-cn.php
[ info ] [ ROUTE ] array (
)
[ info ] [ HEADER ] array (
  'cookie' => 's0450de09=q8uoiiq485o70im0r4gdt50890',
  'accept-language' => 'zh-CN,zh;q=0.9,en;q=0.8',
  'accept-encoding' => 'gzip, deflate',
  'accept' => 'text/html,application/xhtml+xml,application/xml;q=0.9,image/webp,image/apng,*/*;q=0.8',
  'user-agent' => 'Mozilla/5.0 (Windows NT 10.0; WOW64) AppleWebKit/537.36 (KHTML, like Gecko) Chrome/68.0.3440.106 Safari/537.36',
  'upgrade-insecure-requests' => '1',
  'cache-control' => 'max-age=0',
  'connection' => 'close',
  'host' => 'car.com',
)
[ info ] [ PARAM ] array (
  'contract_id' => '49',
)
[ info ] [ BEHAVIOR ] Run Closure @action_begin [ RunTime:0.000205s ]
[ info ] [ DB ] INIT mysql
[ info ] [ LOG ] INIT File
---------------------------------------------------------------
[ 2019-01-20T13:00:19+08:00 ] 127.0.0.1 GET /index.php/index/word/create_word?contract_id=49
[ info ] car.com/index.php/index/word/create_word?contract_id=49 [运行时间：0.378189s][吞吐率：2.64req/s] [内存消耗：1,502.31kb] [文件加载：67]
[ info ] [ LANG ] E:\car_subsystem\thinkphp\lang\zh-cn.php
[ info ] [ ROUTE ] array (
)
[ info ] [ HEADER ] array (
  'cookie' => 's0450de09=q8uoiiq485o70im0r4gdt50890',
  'accept-language' => 'zh-CN,zh;q=0.9,en;q=0.8',
  'accept-encoding' => 'gzip, deflate',
  'accept' => 'text/html,application/xhtml+xml,application/xml;q=0.9,image/webp,image/apng,*/*;q=0.8',
  'user-agent' => 'Mozilla/5.0 (Windows NT 10.0; WOW64) AppleWebKit/537.36 (KHTML, like Gecko) Chrome/68.0.3440.106 Safari/537.36',
  'upgrade-insecure-requests' => '1',
  'cache-control' => 'max-age=0',
  'connection' => 'close',
  'host' => 'car.com',
)
[ info ] [ PARAM ] array (
  'contract_id' => '49',
)
[ info ] [ BEHAVIOR ] Run Closure @action_begin [ RunTime:0.000315s ]
[ info ] [ DB ] INIT mysql
[ info ] [ LOG ] INIT File
---------------------------------------------------------------
[ 2019-01-20T13:00:58+08:00 ] 127.0.0.1 GET /index.php/index/word/create_word?contract_id=49
[ info ] car.com/index.php/index/word/create_word?contract_id=49 [运行时间：0.901082s][吞吐率：1.11req/s] [内存消耗：1,502.63kb] [文件加载：67]
[ info ] [ LANG ] E:\car_subsystem\thinkphp\lang\zh-cn.php
[ info ] [ ROUTE ] array (
)
[ info ] [ HEADER ] array (
  'cookie' => 's0450de09=q8uoiiq485o70im0r4gdt50890',
  'accept-language' => 'zh-CN,zh;q=0.9,en;q=0.8',
  'accept-encoding' => 'gzip, deflate',
  'accept' => 'text/html,application/xhtml+xml,application/xml;q=0.9,image/webp,image/apng,*/*;q=0.8',
  'user-agent' => 'Mozilla/5.0 (Windows NT 10.0; WOW64) AppleWebKit/537.36 (KHTML, like Gecko) Chrome/68.0.3440.106 Safari/537.36',
  'upgrade-insecure-requests' => '1',
  'cache-control' => 'max-age=0',
  'connection' => 'close',
  'host' => 'car.com',
)
[ info ] [ PARAM ] array (
  'contract_id' => '49',
)
[ info ] [ BEHAVIOR ] Run Closure @action_begin [ RunTime:0.000214s ]
[ info ] [ DB ] INIT mysql
[ info ] [ LOG ] INIT File
---------------------------------------------------------------
[ 2019-01-20T13:02:12+08:00 ] 127.0.0.1 GET /index.php/index/word/create_word?contract_id=49
[ info ] car.com/index.php/index/word/create_word?contract_id=49 [运行时间：0.804148s][吞吐率：1.24req/s] [内存消耗：1,503.63kb] [文件加载：67]
[ info ] [ LANG ] E:\car_subsystem\thinkphp\lang\zh-cn.php
[ info ] [ ROUTE ] array (
)
[ info ] [ HEADER ] array (
  'cookie' => 's0450de09=q8uoiiq485o70im0r4gdt50890',
  'accept-language' => 'zh-CN,zh;q=0.9,en;q=0.8',
  'accept-encoding' => 'gzip, deflate',
  'accept' => 'text/html,application/xhtml+xml,application/xml;q=0.9,image/webp,image/apng,*/*;q=0.8',
  'user-agent' => 'Mozilla/5.0 (Windows NT 10.0; WOW64) AppleWebKit/537.36 (KHTML, like Gecko) Chrome/68.0.3440.106 Safari/537.36',
  'upgrade-insecure-requests' => '1',
  'cache-control' => 'max-age=0',
  'connection' => 'close',
  'host' => 'car.com',
)
[ info ] [ PARAM ] array (
  'contract_id' => '49',
)
[ info ] [ BEHAVIOR ] Run Closure @action_begin [ RunTime:0.000214s ]
[ info ] [ DB ] INIT mysql
[ info ] [ LOG ] INIT File
---------------------------------------------------------------
[ 2019-01-20T13:05:14+08:00 ] 127.0.0.1 GET /index.php/index/word/create_word?contract_id=49
[ info ] car.com/index.php/index/word/create_word?contract_id=49 [运行时间：0.813926s][吞吐率：1.23req/s] [内存消耗：1,504.27kb] [文件加载：67]
[ info ] [ LANG ] E:\car_subsystem\thinkphp\lang\zh-cn.php
[ info ] [ ROUTE ] array (
)
[ info ] [ HEADER ] array (
  'cookie' => 's0450de09=q8uoiiq485o70im0r4gdt50890',
  'accept-language' => 'zh-CN,zh;q=0.9,en;q=0.8',
  'accept-encoding' => 'gzip, deflate',
  'accept' => 'text/html,application/xhtml+xml,application/xml;q=0.9,image/webp,image/apng,*/*;q=0.8',
  'user-agent' => 'Mozilla/5.0 (Windows NT 10.0; WOW64) AppleWebKit/537.36 (KHTML, like Gecko) Chrome/68.0.3440.106 Safari/537.36',
  'upgrade-insecure-requests' => '1',
  'cache-control' => 'max-age=0',
  'connection' => 'close',
  'host' => 'car.com',
)
[ info ] [ PARAM ] array (
  'contract_id' => '49',
)
[ info ] [ BEHAVIOR ] Run Closure @action_begin [ RunTime:0.000209s ]
[ info ] [ DB ] INIT mysql
[ info ] [ LOG ] INIT File
---------------------------------------------------------------
[ 2019-01-20T13:05:32+08:00 ] 127.0.0.1 GET /index.php/index/word/create_word?contract_id=49
[ info ] car.com/index.php/index/word/create_word?contract_id=49 [运行时间：1.092687s][吞吐率：0.92req/s] [内存消耗：1,503.85kb] [文件加载：67]
[ info ] [ LANG ] E:\car_subsystem\thinkphp\lang\zh-cn.php
[ info ] [ ROUTE ] array (
)
[ info ] [ HEADER ] array (
  'cookie' => 's0450de09=q8uoiiq485o70im0r4gdt50890',
  'accept-language' => 'zh-CN,zh;q=0.9,en;q=0.8',
  'accept-encoding' => 'gzip, deflate',
  'accept' => 'text/html,application/xhtml+xml,application/xml;q=0.9,image/webp,image/apng,*/*;q=0.8',
  'user-agent' => 'Mozilla/5.0 (Windows NT 10.0; WOW64) AppleWebKit/537.36 (KHTML, like Gecko) Chrome/68.0.3440.106 Safari/537.36',
  'upgrade-insecure-requests' => '1',
  'cache-control' => 'max-age=0',
  'connection' => 'close',
  'host' => 'car.com',
)
[ info ] [ PARAM ] array (
  'contract_id' => '49',
)
[ info ] [ BEHAVIOR ] Run Closure @action_begin [ RunTime:0.000215s ]
[ info ] [ DB ] INIT mysql
[ info ] [ LOG ] INIT File
---------------------------------------------------------------
[ 2019-01-20T13:05:50+08:00 ] 127.0.0.1 GET /index.php/index/word/create_word?contract_id=49
[ info ] car.com/index.php/index/word/create_word?contract_id=49 [运行时间：1.195938s][吞吐率：0.84req/s] [内存消耗：1,504.02kb] [文件加载：67]
[ info ] [ LANG ] E:\car_subsystem\thinkphp\lang\zh-cn.php
[ info ] [ ROUTE ] array (
)
[ info ] [ HEADER ] array (
  'cookie' => 's0450de09=q8uoiiq485o70im0r4gdt50890',
  'accept-language' => 'zh-CN,zh;q=0.9,en;q=0.8',
  'accept-encoding' => 'gzip, deflate',
  'accept' => 'text/html,application/xhtml+xml,application/xml;q=0.9,image/webp,image/apng,*/*;q=0.8',
  'user-agent' => 'Mozilla/5.0 (Windows NT 10.0; WOW64) AppleWebKit/537.36 (KHTML, like Gecko) Chrome/68.0.3440.106 Safari/537.36',
  'upgrade-insecure-requests' => '1',
  'cache-control' => 'max-age=0',
  'connection' => 'close',
  'host' => 'car.com',
)
[ info ] [ PARAM ] array (
  'contract_id' => '49',
)
[ info ] [ BEHAVIOR ] Run Closure @action_begin [ RunTime:0.000251s ]
[ info ] [ DB ] INIT mysql
[ info ] [ LOG ] INIT File
---------------------------------------------------------------
[ 2019-01-20T13:06:01+08:00 ] 127.0.0.1 GET /index.php/index/word/create_word?contract_id=49
[ info ] car.com/index.php/index/word/create_word?contract_id=49 [运行时间：1.009485s][吞吐率：0.99req/s] [内存消耗：1,504.02kb] [文件加载：67]
[ info ] [ LANG ] E:\car_subsystem\thinkphp\lang\zh-cn.php
[ info ] [ ROUTE ] array (
)
[ info ] [ HEADER ] array (
  'cookie' => 's0450de09=q8uoiiq485o70im0r4gdt50890',
  'accept-language' => 'zh-CN,zh;q=0.9,en;q=0.8',
  'accept-encoding' => 'gzip, deflate',
  'accept' => 'text/html,application/xhtml+xml,application/xml;q=0.9,image/webp,image/apng,*/*;q=0.8',
  'user-agent' => 'Mozilla/5.0 (Windows NT 10.0; WOW64) AppleWebKit/537.36 (KHTML, like Gecko) Chrome/68.0.3440.106 Safari/537.36',
  'upgrade-insecure-requests' => '1',
  'cache-control' => 'max-age=0',
  'connection' => 'close',
  'host' => 'car.com',
)
[ info ] [ PARAM ] array (
  'contract_id' => '49',
)
[ info ] [ BEHAVIOR ] Run Closure @action_begin [ RunTime:0.000200s ]
[ info ] [ DB ] INIT mysql
[ info ] [ LOG ] INIT File
---------------------------------------------------------------
[ 2019-01-20T13:08:08+08:00 ] 127.0.0.1 GET /index.php/index/word/create_word?contract_id=49
[ info ] car.com/index.php/index/word/create_word?contract_id=49 [运行时间：0.824886s][吞吐率：1.21req/s] [内存消耗：1,505.00kb] [文件加载：67]
[ info ] [ LANG ] E:\car_subsystem\thinkphp\lang\zh-cn.php
[ info ] [ ROUTE ] array (
)
[ info ] [ HEADER ] array (
  'cookie' => 's0450de09=q8uoiiq485o70im0r4gdt50890',
  'accept-language' => 'zh-CN,zh;q=0.9,en;q=0.8',
  'accept-encoding' => 'gzip, deflate',
  'accept' => 'text/html,application/xhtml+xml,application/xml;q=0.9,image/webp,image/apng,*/*;q=0.8',
  'user-agent' => 'Mozilla/5.0 (Windows NT 10.0; WOW64) AppleWebKit/537.36 (KHTML, like Gecko) Chrome/68.0.3440.106 Safari/537.36',
  'upgrade-insecure-requests' => '1',
  'cache-control' => 'max-age=0',
  'connection' => 'close',
  'host' => 'car.com',
)
[ info ] [ PARAM ] array (
  'contract_id' => '49',
)
[ info ] [ BEHAVIOR ] Run Closure @action_begin [ RunTime:0.000205s ]
[ info ] [ DB ] INIT mysql
[ info ] [ LOG ] INIT File
---------------------------------------------------------------
[ 2019-01-20T13:08:23+08:00 ] 127.0.0.1 GET /index.php/index/word/create_word?contract_id=49
[ info ] car.com/index.php/index/word/create_word?contract_id=49 [运行时间：1.025819s][吞吐率：0.97req/s] [内存消耗：1,505.00kb] [文件加载：67]
[ info ] [ LANG ] E:\car_subsystem\thinkphp\lang\zh-cn.php
[ info ] [ ROUTE ] array (
)
[ info ] [ HEADER ] array (
  'cookie' => 's0450de09=q8uoiiq485o70im0r4gdt50890',
  'accept-language' => 'zh-CN,zh;q=0.9,en;q=0.8',
  'accept-encoding' => 'gzip, deflate',
  'accept' => 'text/html,application/xhtml+xml,application/xml;q=0.9,image/webp,image/apng,*/*;q=0.8',
  'user-agent' => 'Mozilla/5.0 (Windows NT 10.0; WOW64) AppleWebKit/537.36 (KHTML, like Gecko) Chrome/68.0.3440.106 Safari/537.36',
  'upgrade-insecure-requests' => '1',
  'cache-control' => 'max-age=0',
  'connection' => 'close',
  'host' => 'car.com',
)
[ info ] [ PARAM ] array (
  'contract_id' => '49',
)
[ info ] [ BEHAVIOR ] Run Closure @action_begin [ RunTime:0.000419s ]
[ info ] [ DB ] INIT mysql
[ info ] [ LOG ] INIT File
---------------------------------------------------------------
[ 2019-01-20T13:08:34+08:00 ] 127.0.0.1 GET /index.php/index/word/create_word?contract_id=49
[ info ] car.com/index.php/index/word/create_word?contract_id=49 [运行时间：1.187771s][吞吐率：0.84req/s] [内存消耗：1,505.00kb] [文件加载：67]
[ info ] [ LANG ] E:\car_subsystem\thinkphp\lang\zh-cn.php
[ info ] [ ROUTE ] array (
)
[ info ] [ HEADER ] array (
  'cookie' => 's0450de09=q8uoiiq485o70im0r4gdt50890',
  'accept-language' => 'zh-CN,zh;q=0.9,en;q=0.8',
  'accept-encoding' => 'gzip, deflate',
  'accept' => 'text/html,application/xhtml+xml,application/xml;q=0.9,image/webp,image/apng,*/*;q=0.8',
  'user-agent' => 'Mozilla/5.0 (Windows NT 10.0; WOW64) AppleWebKit/537.36 (KHTML, like Gecko) Chrome/68.0.3440.106 Safari/537.36',
  'upgrade-insecure-requests' => '1',
  'cache-control' => 'max-age=0',
  'connection' => 'close',
  'host' => 'car.com',
)
[ info ] [ PARAM ] array (
  'contract_id' => '49',
)
[ info ] [ BEHAVIOR ] Run Closure @action_begin [ RunTime:0.000232s ]
[ info ] [ DB ] INIT mysql
[ info ] [ LOG ] INIT File
---------------------------------------------------------------
[ 2019-01-20T13:09:02+08:00 ] 127.0.0.1 GET /index.php/index/word/create_word?contract_id=49
[ info ] car.com/index.php/index/word/create_word?contract_id=49 [运行时间：1.029415s][吞吐率：0.97req/s] [内存消耗：1,505.00kb] [文件加载：67]
[ info ] [ LANG ] E:\car_subsystem\thinkphp\lang\zh-cn.php
[ info ] [ ROUTE ] array (
)
[ info ] [ HEADER ] array (
  'cookie' => 's0450de09=q8uoiiq485o70im0r4gdt50890',
  'accept-language' => 'zh-CN,zh;q=0.9,en;q=0.8',
  'accept-encoding' => 'gzip, deflate',
  'accept' => 'text/html,application/xhtml+xml,application/xml;q=0.9,image/webp,image/apng,*/*;q=0.8',
  'user-agent' => 'Mozilla/5.0 (Windows NT 10.0; WOW64) AppleWebKit/537.36 (KHTML, like Gecko) Chrome/68.0.3440.106 Safari/537.36',
  'upgrade-insecure-requests' => '1',
  'cache-control' => 'max-age=0',
  'connection' => 'close',
  'host' => 'car.com',
)
[ info ] [ PARAM ] array (
  'contract_id' => '49',
)
[ info ] [ BEHAVIOR ] Run Closure @action_begin [ RunTime:0.000214s ]
[ info ] [ DB ] INIT mysql
[ info ] [ LOG ] INIT File
---------------------------------------------------------------
[ 2019-01-20T13:09:16+08:00 ] 127.0.0.1 GET /index.php/index/word/create_word?contract_id=49
[ info ] car.com/index.php/index/word/create_word?contract_id=49 [运行时间：1.113964s][吞吐率：0.90req/s] [内存消耗：1,505.00kb] [文件加载：67]
[ info ] [ LANG ] E:\car_subsystem\thinkphp\lang\zh-cn.php
[ info ] [ ROUTE ] array (
)
[ info ] [ HEADER ] array (
  'cookie' => 's0450de09=q8uoiiq485o70im0r4gdt50890',
  'accept-language' => 'zh-CN,zh;q=0.9,en;q=0.8',
  'accept-encoding' => 'gzip, deflate',
  'accept' => 'text/html,application/xhtml+xml,application/xml;q=0.9,image/webp,image/apng,*/*;q=0.8',
  'user-agent' => 'Mozilla/5.0 (Windows NT 10.0; WOW64) AppleWebKit/537.36 (KHTML, like Gecko) Chrome/68.0.3440.106 Safari/537.36',
  'upgrade-insecure-requests' => '1',
  'cache-control' => 'max-age=0',
  'connection' => 'close',
  'host' => 'car.com',
)
[ info ] [ PARAM ] array (
  'contract_id' => '49',
)
[ info ] [ BEHAVIOR ] Run Closure @action_begin [ RunTime:0.000442s ]
[ info ] [ DB ] INIT mysql
[ info ] [ LOG ] INIT File
---------------------------------------------------------------
[ 2019-01-20T13:10:24+08:00 ] 127.0.0.1 GET /index.php/index/word/create_word?contract_id=49
[ info ] car.com/index.php/index/word/create_word?contract_id=49 [运行时间：0.779617s][吞吐率：1.28req/s] [内存消耗：1,505.96kb] [文件加载：67]
[ info ] [ LANG ] E:\car_subsystem\thinkphp\lang\zh-cn.php
[ info ] [ ROUTE ] array (
)
[ info ] [ HEADER ] array (
  'cookie' => 's0450de09=q8uoiiq485o70im0r4gdt50890',
  'accept-language' => 'zh-CN,zh;q=0.9,en;q=0.8',
  'accept-encoding' => 'gzip, deflate',
  'accept' => 'text/html,application/xhtml+xml,application/xml;q=0.9,image/webp,image/apng,*/*;q=0.8',
  'user-agent' => 'Mozilla/5.0 (Windows NT 10.0; WOW64) AppleWebKit/537.36 (KHTML, like Gecko) Chrome/68.0.3440.106 Safari/537.36',
  'upgrade-insecure-requests' => '1',
  'cache-control' => 'max-age=0',
  'connection' => 'close',
  'host' => 'car.com',
)
[ info ] [ PARAM ] array (
  'contract_id' => '49',
)
[ info ] [ BEHAVIOR ] Run Closure @action_begin [ RunTime:0.000203s ]
[ info ] [ DB ] INIT mysql
[ info ] [ LOG ] INIT File
---------------------------------------------------------------
[ 2019-01-20T13:10:35+08:00 ] 127.0.0.1 GET /index.php/index/word/create_word?contract_id=49
[ info ] car.com/index.php/index/word/create_word?contract_id=49 [运行时间：0.864979s][吞吐率：1.16req/s] [内存消耗：1,505.96kb] [文件加载：67]
[ info ] [ LANG ] E:\car_subsystem\thinkphp\lang\zh-cn.php
[ info ] [ ROUTE ] array (
)
[ info ] [ HEADER ] array (
  'cookie' => 's0450de09=q8uoiiq485o70im0r4gdt50890',
  'accept-language' => 'zh-CN,zh;q=0.9,en;q=0.8',
  'accept-encoding' => 'gzip, deflate',
  'accept' => 'text/html,application/xhtml+xml,application/xml;q=0.9,image/webp,image/apng,*/*;q=0.8',
  'user-agent' => 'Mozilla/5.0 (Windows NT 10.0; WOW64) AppleWebKit/537.36 (KHTML, like Gecko) Chrome/68.0.3440.106 Safari/537.36',
  'upgrade-insecure-requests' => '1',
  'cache-control' => 'max-age=0',
  'connection' => 'close',
  'host' => 'car.com',
)
[ info ] [ PARAM ] array (
  'contract_id' => '49',
)
[ info ] [ BEHAVIOR ] Run Closure @action_begin [ RunTime:0.000219s ]
[ info ] [ DB ] INIT mysql
[ info ] [ LOG ] INIT File
---------------------------------------------------------------
[ 2019-01-20T13:11:10+08:00 ] 127.0.0.1 GET /index.php/index/word/create_word?contract_id=49
[ info ] car.com/index.php/index/word/create_word?contract_id=49 [运行时间：1.079584s][吞吐率：0.93req/s] [内存消耗：1,506.38kb] [文件加载：67]
[ info ] [ LANG ] E:\car_subsystem\thinkphp\lang\zh-cn.php
[ info ] [ ROUTE ] array (
)
[ info ] [ HEADER ] array (
  'cookie' => 's0450de09=q8uoiiq485o70im0r4gdt50890',
  'accept-language' => 'zh-CN,zh;q=0.9,en;q=0.8',
  'accept-encoding' => 'gzip, deflate',
  'accept' => 'text/html,application/xhtml+xml,application/xml;q=0.9,image/webp,image/apng,*/*;q=0.8',
  'user-agent' => 'Mozilla/5.0 (Windows NT 10.0; WOW64) AppleWebKit/537.36 (KHTML, like Gecko) Chrome/68.0.3440.106 Safari/537.36',
  'upgrade-insecure-requests' => '1',
  'cache-control' => 'max-age=0',
  'connection' => 'close',
  'host' => 'car.com',
)
[ info ] [ PARAM ] array (
  'contract_id' => '49',
)
[ info ] [ BEHAVIOR ] Run Closure @action_begin [ RunTime:0.000223s ]
[ info ] [ DB ] INIT mysql
[ info ] [ LOG ] INIT File
---------------------------------------------------------------
[ 2019-01-20T13:13:32+08:00 ] 127.0.0.1 GET /index.php/index/word/create_word?contract_id=49
[ info ] car.com/index.php/index/word/create_word?contract_id=49 [运行时间：0.884803s][吞吐率：1.13req/s] [内存消耗：1,507.78kb] [文件加载：67]
[ info ] [ LANG ] E:\car_subsystem\thinkphp\lang\zh-cn.php
[ info ] [ ROUTE ] array (
)
[ info ] [ HEADER ] array (
  'cookie' => 's0450de09=q8uoiiq485o70im0r4gdt50890',
  'accept-language' => 'zh-CN,zh;q=0.9,en;q=0.8',
  'accept-encoding' => 'gzip, deflate',
  'accept' => 'text/html,application/xhtml+xml,application/xml;q=0.9,image/webp,image/apng,*/*;q=0.8',
  'user-agent' => 'Mozilla/5.0 (Windows NT 10.0; WOW64) AppleWebKit/537.36 (KHTML, like Gecko) Chrome/68.0.3440.106 Safari/537.36',
  'upgrade-insecure-requests' => '1',
  'cache-control' => 'max-age=0',
  'connection' => 'close',
  'host' => 'car.com',
)
[ info ] [ PARAM ] array (
  'contract_id' => '49',
)
[ info ] [ BEHAVIOR ] Run Closure @action_begin [ RunTime:0.002006s ]
[ info ] [ DB ] INIT mysql
[ info ] [ LOG ] INIT File
---------------------------------------------------------------
[ 2019-01-20T13:13:46+08:00 ] 127.0.0.1 GET /index.php/index/word/create_word?contract_id=49
[ info ] car.com/index.php/index/word/create_word?contract_id=49 [运行时间：1.072977s][吞吐率：0.93req/s] [内存消耗：1,507.87kb] [文件加载：67]
[ info ] [ LANG ] E:\car_subsystem\thinkphp\lang\zh-cn.php
[ info ] [ ROUTE ] array (
)
[ info ] [ HEADER ] array (
  'cookie' => 's0450de09=q8uoiiq485o70im0r4gdt50890',
  'accept-language' => 'zh-CN,zh;q=0.9,en;q=0.8',
  'accept-encoding' => 'gzip, deflate',
  'accept' => 'text/html,application/xhtml+xml,application/xml;q=0.9,image/webp,image/apng,*/*;q=0.8',
  'user-agent' => 'Mozilla/5.0 (Windows NT 10.0; WOW64) AppleWebKit/537.36 (KHTML, like Gecko) Chrome/68.0.3440.106 Safari/537.36',
  'upgrade-insecure-requests' => '1',
  'cache-control' => 'max-age=0',
  'connection' => 'close',
  'host' => 'car.com',
)
[ info ] [ PARAM ] array (
  'contract_id' => '49',
)
[ info ] [ BEHAVIOR ] Run Closure @action_begin [ RunTime:0.000217s ]
[ info ] [ DB ] INIT mysql
[ info ] [ LOG ] INIT File
---------------------------------------------------------------
[ 2019-01-20T13:14:07+08:00 ] 127.0.0.1 GET /index.php/index/word/create_word?contract_id=49
[ info ] car.com/index.php/index/word/create_word?contract_id=49 [运行时间：0.993676s][吞吐率：1.01req/s] [内存消耗：1,507.87kb] [文件加载：67]
[ info ] [ LANG ] E:\car_subsystem\thinkphp\lang\zh-cn.php
[ info ] [ ROUTE ] array (
)
[ info ] [ HEADER ] array (
  'cookie' => 's0450de09=q8uoiiq485o70im0r4gdt50890',
  'accept-language' => 'zh-CN,zh;q=0.9,en;q=0.8',
  'accept-encoding' => 'gzip, deflate',
  'accept' => 'text/html,application/xhtml+xml,application/xml;q=0.9,image/webp,image/apng,*/*;q=0.8',
  'user-agent' => 'Mozilla/5.0 (Windows NT 10.0; WOW64) AppleWebKit/537.36 (KHTML, like Gecko) Chrome/68.0.3440.106 Safari/537.36',
  'upgrade-insecure-requests' => '1',
  'cache-control' => 'max-age=0',
  'connection' => 'close',
  'host' => 'car.com',
)
[ info ] [ PARAM ] array (
  'contract_id' => '49',
)
[ info ] [ BEHAVIOR ] Run Closure @action_begin [ RunTime:0.000204s ]
[ info ] [ DB ] INIT mysql
[ info ] [ LOG ] INIT File
---------------------------------------------------------------
[ 2019-01-20T13:16:59+08:00 ] 127.0.0.1 GET /index.php/index/word/create_word?contract_id=49
[ info ] car.com/index.php/index/word/create_word?contract_id=49 [运行时间：0.943698s][吞吐率：1.06req/s] [内存消耗：1,510.17kb] [文件加载：67]
[ info ] [ LANG ] E:\car_subsystem\thinkphp\lang\zh-cn.php
[ info ] [ ROUTE ] array (
)
[ info ] [ HEADER ] array (
  'cookie' => 's0450de09=q8uoiiq485o70im0r4gdt50890',
  'accept-language' => 'zh-CN,zh;q=0.9,en;q=0.8',
  'accept-encoding' => 'gzip, deflate',
  'accept' => 'text/html,application/xhtml+xml,application/xml;q=0.9,image/webp,image/apng,*/*;q=0.8',
  'user-agent' => 'Mozilla/5.0 (Windows NT 10.0; WOW64) AppleWebKit/537.36 (KHTML, like Gecko) Chrome/68.0.3440.106 Safari/537.36',
  'upgrade-insecure-requests' => '1',
  'cache-control' => 'max-age=0',
  'connection' => 'close',
  'host' => 'car.com',
)
[ info ] [ PARAM ] array (
  'contract_id' => '49',
)
[ info ] [ BEHAVIOR ] Run Closure @action_begin [ RunTime:0.000202s ]
[ info ] [ DB ] INIT mysql
[ info ] [ LOG ] INIT File
---------------------------------------------------------------
[ 2019-01-20T13:18:16+08:00 ] 127.0.0.1 GET /index.php/index/word/create_word?contract_id=49
[ info ] car.com/index.php/index/word/create_word?contract_id=49 [运行时间：0.879968s][吞吐率：1.14req/s] [内存消耗：1,511.09kb] [文件加载：67]
[ info ] [ LANG ] E:\car_subsystem\thinkphp\lang\zh-cn.php
[ info ] [ ROUTE ] array (
)
[ info ] [ HEADER ] array (
  'cookie' => 's0450de09=q8uoiiq485o70im0r4gdt50890',
  'accept-language' => 'zh-CN,zh;q=0.9,en;q=0.8',
  'accept-encoding' => 'gzip, deflate',
  'accept' => 'text/html,application/xhtml+xml,application/xml;q=0.9,image/webp,image/apng,*/*;q=0.8',
  'user-agent' => 'Mozilla/5.0 (Windows NT 10.0; WOW64) AppleWebKit/537.36 (KHTML, like Gecko) Chrome/68.0.3440.106 Safari/537.36',
  'upgrade-insecure-requests' => '1',
  'cache-control' => 'max-age=0',
  'connection' => 'close',
  'host' => 'car.com',
)
[ info ] [ PARAM ] array (
  'contract_id' => '49',
)
[ info ] [ BEHAVIOR ] Run Closure @action_begin [ RunTime:0.000198s ]
[ info ] [ DB ] INIT mysql
[ info ] [ LOG ] INIT File
---------------------------------------------------------------
[ 2019-01-20T13:20:42+08:00 ] 127.0.0.1 GET /index.php/index/word/create_word?contract_id=49
[ info ] car.com/index.php/index/word/create_word?contract_id=49 [运行时间：1.003582s][吞吐率：1.00req/s] [内存消耗：1,512.11kb] [文件加载：67]
[ info ] [ LANG ] E:\car_subsystem\thinkphp\lang\zh-cn.php
[ info ] [ ROUTE ] array (
)
[ info ] [ HEADER ] array (
  'cookie' => 's0450de09=q8uoiiq485o70im0r4gdt50890',
  'accept-language' => 'zh-CN,zh;q=0.9,en;q=0.8',
  'accept-encoding' => 'gzip, deflate',
  'accept' => 'text/html,application/xhtml+xml,application/xml;q=0.9,image/webp,image/apng,*/*;q=0.8',
  'user-agent' => 'Mozilla/5.0 (Windows NT 10.0; WOW64) AppleWebKit/537.36 (KHTML, like Gecko) Chrome/68.0.3440.106 Safari/537.36',
  'upgrade-insecure-requests' => '1',
  'cache-control' => 'max-age=0',
  'connection' => 'close',
  'host' => 'car.com',
)
[ info ] [ PARAM ] array (
  'contract_id' => '49',
)
[ info ] [ BEHAVIOR ] Run Closure @action_begin [ RunTime:0.000274s ]
[ info ] [ DB ] INIT mysql
[ info ] [ LOG ] INIT File
---------------------------------------------------------------
[ 2019-01-20T13:21:07+08:00 ] 127.0.0.1 GET /index.php/index/word/create_word?contract_id=49
[ info ] car.com/index.php/index/word/create_word?contract_id=49 [运行时间：1.000182s][吞吐率：1.00req/s] [内存消耗：1,512.12kb] [文件加载：67]
[ info ] [ LANG ] E:\car_subsystem\thinkphp\lang\zh-cn.php
[ info ] [ ROUTE ] array (
)
[ info ] [ HEADER ] array (
  'cookie' => 's0450de09=q8uoiiq485o70im0r4gdt50890',
  'accept-language' => 'zh-CN,zh;q=0.9,en;q=0.8',
  'accept-encoding' => 'gzip, deflate',
  'accept' => 'text/html,application/xhtml+xml,application/xml;q=0.9,image/webp,image/apng,*/*;q=0.8',
  'user-agent' => 'Mozilla/5.0 (Windows NT 10.0; WOW64) AppleWebKit/537.36 (KHTML, like Gecko) Chrome/68.0.3440.106 Safari/537.36',
  'upgrade-insecure-requests' => '1',
  'cache-control' => 'max-age=0',
  'connection' => 'close',
  'host' => 'car.com',
)
[ info ] [ PARAM ] array (
  'contract_id' => '49',
)
[ info ] [ BEHAVIOR ] Run Closure @action_begin [ RunTime:0.001634s ]
[ info ] [ DB ] INIT mysql
[ info ] [ LOG ] INIT File
---------------------------------------------------------------
[ 2019-01-20T13:23:04+08:00 ] 127.0.0.1 GET /index.php/index/word/create_word?contract_id=49
[ info ] car.com/index.php/index/word/create_word?contract_id=49 [运行时间：0.930582s][吞吐率：1.07req/s] [内存消耗：1,513.27kb] [文件加载：67]
[ info ] [ LANG ] E:\car_subsystem\thinkphp\lang\zh-cn.php
[ info ] [ ROUTE ] array (
)
[ info ] [ HEADER ] array (
  'cookie' => 's0450de09=q8uoiiq485o70im0r4gdt50890',
  'accept-language' => 'zh-CN,zh;q=0.9,en;q=0.8',
  'accept-encoding' => 'gzip, deflate',
  'accept' => 'text/html,application/xhtml+xml,application/xml;q=0.9,image/webp,image/apng,*/*;q=0.8',
  'user-agent' => 'Mozilla/5.0 (Windows NT 10.0; WOW64) AppleWebKit/537.36 (KHTML, like Gecko) Chrome/68.0.3440.106 Safari/537.36',
  'upgrade-insecure-requests' => '1',
  'cache-control' => 'max-age=0',
  'connection' => 'close',
  'host' => 'car.com',
)
[ info ] [ PARAM ] array (
  'contract_id' => '49',
)
[ info ] [ BEHAVIOR ] Run Closure @action_begin [ RunTime:0.000219s ]
[ info ] [ DB ] INIT mysql
[ info ] [ LOG ] INIT File
---------------------------------------------------------------
[ 2019-01-20T13:24:32+08:00 ] 127.0.0.1 GET /index.php/index/word/create_word?contract_id=49
[ info ] car.com/index.php/index/word/create_word?contract_id=49 [运行时间：0.840881s][吞吐率：1.19req/s] [内存消耗：1,513.63kb] [文件加载：67]
[ info ] [ LANG ] E:\car_subsystem\thinkphp\lang\zh-cn.php
[ info ] [ ROUTE ] array (
)
[ info ] [ HEADER ] array (
  'cookie' => 's0450de09=q8uoiiq485o70im0r4gdt50890',
  'accept-language' => 'zh-CN,zh;q=0.9,en;q=0.8',
  'accept-encoding' => 'gzip, deflate',
  'accept' => 'text/html,application/xhtml+xml,application/xml;q=0.9,image/webp,image/apng,*/*;q=0.8',
  'user-agent' => 'Mozilla/5.0 (Windows NT 10.0; WOW64) AppleWebKit/537.36 (KHTML, like Gecko) Chrome/68.0.3440.106 Safari/537.36',
  'upgrade-insecure-requests' => '1',
  'cache-control' => 'max-age=0',
  'connection' => 'close',
  'host' => 'car.com',
)
[ info ] [ PARAM ] array (
  'contract_id' => '49',
)
[ info ] [ BEHAVIOR ] Run Closure @action_begin [ RunTime:0.000200s ]
[ info ] [ DB ] INIT mysql
[ info ] [ LOG ] INIT File
---------------------------------------------------------------
[ 2019-01-20T13:26:55+08:00 ] 127.0.0.1 GET /index.php/index/word/create_word?contract_id=49
[ info ] car.com/index.php/index/word/create_word?contract_id=49 [运行时间：1.079646s][吞吐率：0.93req/s] [内存消耗：1,516.02kb] [文件加载：67]
[ info ] [ LANG ] E:\car_subsystem\thinkphp\lang\zh-cn.php
[ info ] [ ROUTE ] array (
)
[ info ] [ HEADER ] array (
  'cookie' => 's0450de09=q8uoiiq485o70im0r4gdt50890',
  'accept-language' => 'zh-CN,zh;q=0.9,en;q=0.8',
  'accept-encoding' => 'gzip, deflate',
  'accept' => 'text/html,application/xhtml+xml,application/xml;q=0.9,image/webp,image/apng,*/*;q=0.8',
  'user-agent' => 'Mozilla/5.0 (Windows NT 10.0; WOW64) AppleWebKit/537.36 (KHTML, like Gecko) Chrome/68.0.3440.106 Safari/537.36',
  'upgrade-insecure-requests' => '1',
  'cache-control' => 'max-age=0',
  'connection' => 'close',
  'host' => 'car.com',
)
[ info ] [ PARAM ] array (
  'contract_id' => '49',
)
[ info ] [ BEHAVIOR ] Run Closure @action_begin [ RunTime:0.000224s ]
[ info ] [ DB ] INIT mysql
[ info ] [ LOG ] INIT File
---------------------------------------------------------------
[ 2019-01-20T13:27:38+08:00 ] 127.0.0.1 GET /index.php/index/word/create_word?contract_id=49
[ info ] car.com/index.php/index/word/create_word?contract_id=49 [运行时间：0.903555s][吞吐率：1.11req/s] [内存消耗：1,516.02kb] [文件加载：67]
[ info ] [ LANG ] E:\car_subsystem\thinkphp\lang\zh-cn.php
[ info ] [ ROUTE ] array (
)
[ info ] [ HEADER ] array (
  'cookie' => 's0450de09=q8uoiiq485o70im0r4gdt50890',
  'accept-language' => 'zh-CN,zh;q=0.9,en;q=0.8',
  'accept-encoding' => 'gzip, deflate',
  'accept' => 'text/html,application/xhtml+xml,application/xml;q=0.9,image/webp,image/apng,*/*;q=0.8',
  'user-agent' => 'Mozilla/5.0 (Windows NT 10.0; WOW64) AppleWebKit/537.36 (KHTML, like Gecko) Chrome/68.0.3440.106 Safari/537.36',
  'upgrade-insecure-requests' => '1',
  'cache-control' => 'max-age=0',
  'connection' => 'close',
  'host' => 'car.com',
)
[ info ] [ PARAM ] array (
  'contract_id' => '49',
)
[ info ] [ BEHAVIOR ] Run Closure @action_begin [ RunTime:0.000197s ]
[ info ] [ DB ] INIT mysql
[ info ] [ LOG ] INIT File
---------------------------------------------------------------
[ 2019-01-20T13:29:43+08:00 ] 127.0.0.1 GET /index.php/index/word/create_word?contract_id=49
[ info ] car.com/index.php/index/word/create_word?contract_id=49 [运行时间：0.478983s][吞吐率：2.09req/s] [内存消耗：1,556.65kb] [文件加载：72]
[ info ] [ LANG ] E:\car_subsystem\thinkphp\lang\zh-cn.php
[ info ] [ ROUTE ] array (
)
[ info ] [ HEADER ] array (
  'cookie' => 's0450de09=q8uoiiq485o70im0r4gdt50890',
  'accept-language' => 'zh-CN,zh;q=0.9,en;q=0.8',
  'accept-encoding' => 'gzip, deflate',
  'accept' => 'text/html,application/xhtml+xml,application/xml;q=0.9,image/webp,image/apng,*/*;q=0.8',
  'user-agent' => 'Mozilla/5.0 (Windows NT 10.0; WOW64) AppleWebKit/537.36 (KHTML, like Gecko) Chrome/68.0.3440.106 Safari/537.36',
  'upgrade-insecure-requests' => '1',
  'cache-control' => 'max-age=0',
  'connection' => 'close',
  'host' => 'car.com',
)
[ info ] [ PARAM ] array (
  'contract_id' => '49',
)
[ info ] [ BEHAVIOR ] Run Closure @action_begin [ RunTime:0.000596s ]
[ info ] [ DB ] INIT mysql
[ info ] [ LOG ] INIT File
---------------------------------------------------------------
[ 2019-01-20T13:29:53+08:00 ] 127.0.0.1 GET /index.php/index/word/create_word?contract_id=49
[ info ] car.com/index.php/index/word/create_word?contract_id=49 [运行时间：1.322931s][吞吐率：0.76req/s] [内存消耗：1,516.41kb] [文件加载：67]
[ info ] [ LANG ] E:\car_subsystem\thinkphp\lang\zh-cn.php
[ info ] [ ROUTE ] array (
)
[ info ] [ HEADER ] array (
  'cookie' => 's0450de09=q8uoiiq485o70im0r4gdt50890',
  'accept-language' => 'zh-CN,zh;q=0.9,en;q=0.8',
  'accept-encoding' => 'gzip, deflate',
  'accept' => 'text/html,application/xhtml+xml,application/xml;q=0.9,image/webp,image/apng,*/*;q=0.8',
  'user-agent' => 'Mozilla/5.0 (Windows NT 10.0; WOW64) AppleWebKit/537.36 (KHTML, like Gecko) Chrome/68.0.3440.106 Safari/537.36',
  'upgrade-insecure-requests' => '1',
  'cache-control' => 'max-age=0',
  'connection' => 'close',
  'host' => 'car.com',
)
[ info ] [ PARAM ] array (
  'contract_id' => '49',
)
[ info ] [ BEHAVIOR ] Run Closure @action_begin [ RunTime:0.000222s ]
[ info ] [ DB ] INIT mysql
[ info ] [ LOG ] INIT File
---------------------------------------------------------------
[ 2019-01-20T13:30:14+08:00 ] 127.0.0.1 GET /index.php/index/word/create_word?contract_id=49
[ info ] car.com/index.php/index/word/create_word?contract_id=49 [运行时间：1.081551s][吞吐率：0.92req/s] [内存消耗：1,516.41kb] [文件加载：67]
[ info ] [ LANG ] E:\car_subsystem\thinkphp\lang\zh-cn.php
[ info ] [ ROUTE ] array (
)
[ info ] [ HEADER ] array (
  'cookie' => 's0450de09=q8uoiiq485o70im0r4gdt50890',
  'accept-language' => 'zh-CN,zh;q=0.9,en;q=0.8',
  'accept-encoding' => 'gzip, deflate',
  'accept' => 'text/html,application/xhtml+xml,application/xml;q=0.9,image/webp,image/apng,*/*;q=0.8',
  'user-agent' => 'Mozilla/5.0 (Windows NT 10.0; WOW64) AppleWebKit/537.36 (KHTML, like Gecko) Chrome/68.0.3440.106 Safari/537.36',
  'upgrade-insecure-requests' => '1',
  'cache-control' => 'max-age=0',
  'connection' => 'close',
  'host' => 'car.com',
)
[ info ] [ PARAM ] array (
  'contract_id' => '49',
)
[ info ] [ BEHAVIOR ] Run Closure @action_begin [ RunTime:0.000224s ]
[ info ] [ DB ] INIT mysql
[ info ] [ LOG ] INIT File
---------------------------------------------------------------
[ 2019-01-20T13:33:56+08:00 ] 127.0.0.1 GET /index.php/index/word/create_word?contract_id=49
[ info ] car.com/index.php/index/word/create_word?contract_id=49 [运行时间：1.025771s][吞吐率：0.97req/s] [内存消耗：1,516.41kb] [文件加载：67]
[ info ] [ LANG ] E:\car_subsystem\thinkphp\lang\zh-cn.php
[ info ] [ ROUTE ] array (
)
[ info ] [ HEADER ] array (
  'cookie' => 's0450de09=q8uoiiq485o70im0r4gdt50890',
  'accept-language' => 'zh-CN,zh;q=0.9,en;q=0.8',
  'accept-encoding' => 'gzip, deflate',
  'accept' => 'text/html,application/xhtml+xml,application/xml;q=0.9,image/webp,image/apng,*/*;q=0.8',
  'user-agent' => 'Mozilla/5.0 (Windows NT 10.0; WOW64) AppleWebKit/537.36 (KHTML, like Gecko) Chrome/68.0.3440.106 Safari/537.36',
  'upgrade-insecure-requests' => '1',
  'cache-control' => 'max-age=0',
  'connection' => 'close',
  'host' => 'car.com',
)
[ info ] [ PARAM ] array (
  'contract_id' => '49',
)
[ info ] [ BEHAVIOR ] Run Closure @action_begin [ RunTime:0.000338s ]
[ info ] [ DB ] INIT mysql
[ info ] [ LOG ] INIT File
---------------------------------------------------------------
[ 2019-01-20T13:34:28+08:00 ] 127.0.0.1 GET /index.php/index/word/create_word?contract_id=49
[ info ] car.com/index.php/index/word/create_word?contract_id=49 [运行时间：0.733132s][吞吐率：1.36req/s] [内存消耗：1,516.41kb] [文件加载：67]
[ info ] [ LANG ] E:\car_subsystem\thinkphp\lang\zh-cn.php
[ info ] [ ROUTE ] array (
)
[ info ] [ HEADER ] array (
  'cookie' => 's0450de09=q8uoiiq485o70im0r4gdt50890',
  'accept-language' => 'zh-CN,zh;q=0.9,en;q=0.8',
  'accept-encoding' => 'gzip, deflate',
  'accept' => 'text/html,application/xhtml+xml,application/xml;q=0.9,image/webp,image/apng,*/*;q=0.8',
  'user-agent' => 'Mozilla/5.0 (Windows NT 10.0; WOW64) AppleWebKit/537.36 (KHTML, like Gecko) Chrome/68.0.3440.106 Safari/537.36',
  'upgrade-insecure-requests' => '1',
  'cache-control' => 'max-age=0',
  'connection' => 'close',
  'host' => 'car.com',
)
[ info ] [ PARAM ] array (
  'contract_id' => '49',
)
[ info ] [ BEHAVIOR ] Run Closure @action_begin [ RunTime:0.000219s ]
[ info ] [ DB ] INIT mysql
[ info ] [ LOG ] INIT File
---------------------------------------------------------------
[ 2019-01-20T13:34:50+08:00 ] 127.0.0.1 GET /index.php/index/word/create_word?contract_id=49
[ info ] car.com/index.php/index/word/create_word?contract_id=49 [运行时间：0.818816s][吞吐率：1.22req/s] [内存消耗：1,516.70kb] [文件加载：67]
[ info ] [ LANG ] E:\car_subsystem\thinkphp\lang\zh-cn.php
[ info ] [ ROUTE ] array (
)
[ info ] [ HEADER ] array (
  'cookie' => 's0450de09=q8uoiiq485o70im0r4gdt50890',
  'accept-language' => 'zh-CN,zh;q=0.9,en;q=0.8',
  'accept-encoding' => 'gzip, deflate',
  'accept' => 'text/html,application/xhtml+xml,application/xml;q=0.9,image/webp,image/apng,*/*;q=0.8',
  'user-agent' => 'Mozilla/5.0 (Windows NT 10.0; WOW64) AppleWebKit/537.36 (KHTML, like Gecko) Chrome/68.0.3440.106 Safari/537.36',
  'upgrade-insecure-requests' => '1',
  'cache-control' => 'max-age=0',
  'connection' => 'close',
  'host' => 'car.com',
)
[ info ] [ PARAM ] array (
  'contract_id' => '49',
)
[ info ] [ BEHAVIOR ] Run Closure @action_begin [ RunTime:0.000198s ]
[ info ] [ DB ] INIT mysql
[ info ] [ LOG ] INIT File
---------------------------------------------------------------
[ 2019-01-20T13:35:04+08:00 ] 127.0.0.1 GET /index.php/index/word/create_word?contract_id=49
[ info ] car.com/index.php/index/word/create_word?contract_id=49 [运行时间：0.713551s][吞吐率：1.40req/s] [内存消耗：1,516.70kb] [文件加载：67]
[ info ] [ LANG ] E:\car_subsystem\thinkphp\lang\zh-cn.php
[ info ] [ ROUTE ] array (
)
[ info ] [ HEADER ] array (
  'cookie' => 's0450de09=q8uoiiq485o70im0r4gdt50890',
  'accept-language' => 'zh-CN,zh;q=0.9,en;q=0.8',
  'accept-encoding' => 'gzip, deflate',
  'accept' => 'text/html,application/xhtml+xml,application/xml;q=0.9,image/webp,image/apng,*/*;q=0.8',
  'user-agent' => 'Mozilla/5.0 (Windows NT 10.0; WOW64) AppleWebKit/537.36 (KHTML, like Gecko) Chrome/68.0.3440.106 Safari/537.36',
  'upgrade-insecure-requests' => '1',
  'cache-control' => 'max-age=0',
  'connection' => 'close',
  'host' => 'car.com',
)
[ info ] [ PARAM ] array (
  'contract_id' => '49',
)
[ info ] [ BEHAVIOR ] Run Closure @action_begin [ RunTime:0.000199s ]
[ info ] [ DB ] INIT mysql
[ info ] [ LOG ] INIT File
---------------------------------------------------------------
[ 2019-01-20T13:35:15+08:00 ] 127.0.0.1 GET /index.php/index/word/create_word?contract_id=49
[ info ] car.com/index.php/index/word/create_word?contract_id=49 [运行时间：0.525804s][吞吐率：1.90req/s] [内存消耗：1,516.69kb] [文件加载：67]
[ info ] [ LANG ] E:\car_subsystem\thinkphp\lang\zh-cn.php
[ info ] [ ROUTE ] array (
)
[ info ] [ HEADER ] array (
  'cookie' => 's0450de09=q8uoiiq485o70im0r4gdt50890',
  'accept-language' => 'zh-CN,zh;q=0.9,en;q=0.8',
  'accept-encoding' => 'gzip, deflate',
  'accept' => 'text/html,application/xhtml+xml,application/xml;q=0.9,image/webp,image/apng,*/*;q=0.8',
  'user-agent' => 'Mozilla/5.0 (Windows NT 10.0; WOW64) AppleWebKit/537.36 (KHTML, like Gecko) Chrome/68.0.3440.106 Safari/537.36',
  'upgrade-insecure-requests' => '1',
  'cache-control' => 'max-age=0',
  'connection' => 'close',
  'host' => 'car.com',
)
[ info ] [ PARAM ] array (
  'contract_id' => '49',
)
[ info ] [ BEHAVIOR ] Run Closure @action_begin [ RunTime:0.000176s ]
[ info ] [ DB ] INIT mysql
[ info ] [ LOG ] INIT File
---------------------------------------------------------------
[ 2019-01-20T13:39:37+08:00 ] 127.0.0.1 GET /index.php/index/word/create_word?contract_id=49
[ info ] car.com/index.php/index/word/create_word?contract_id=49 [运行时间：0.634584s][吞吐率：1.58req/s] [内存消耗：1,529.45kb] [文件加载：67]
[ info ] [ LANG ] E:\car_subsystem\thinkphp\lang\zh-cn.php
[ info ] [ ROUTE ] array (
)
[ info ] [ HEADER ] array (
  'cookie' => 's0450de09=q8uoiiq485o70im0r4gdt50890',
  'accept-language' => 'zh-CN,zh;q=0.9,en;q=0.8',
  'accept-encoding' => 'gzip, deflate',
  'accept' => 'text/html,application/xhtml+xml,application/xml;q=0.9,image/webp,image/apng,*/*;q=0.8',
  'user-agent' => 'Mozilla/5.0 (Windows NT 10.0; WOW64) AppleWebKit/537.36 (KHTML, like Gecko) Chrome/68.0.3440.106 Safari/537.36',
  'upgrade-insecure-requests' => '1',
  'cache-control' => 'max-age=0',
  'connection' => 'close',
  'host' => 'car.com',
)
[ info ] [ PARAM ] array (
  'contract_id' => '49',
)
[ info ] [ BEHAVIOR ] Run Closure @action_begin [ RunTime:0.000307s ]
[ info ] [ DB ] INIT mysql
[ info ] [ LOG ] INIT File
---------------------------------------------------------------
[ 2019-01-20T13:45:57+08:00 ] 127.0.0.1 GET /index.php/index/word/create_word?contract_id=49
[ info ] car.com/index.php/index/word/create_word?contract_id=49 [运行时间：0.848525s][吞吐率：1.18req/s] [内存消耗：1,529.50kb] [文件加载：67]
[ info ] [ LANG ] E:\car_subsystem\thinkphp\lang\zh-cn.php
[ info ] [ ROUTE ] array (
)
[ info ] [ HEADER ] array (
  'cookie' => 's0450de09=q8uoiiq485o70im0r4gdt50890',
  'accept-language' => 'zh-CN,zh;q=0.9,en;q=0.8',
  'accept-encoding' => 'gzip, deflate',
  'accept' => 'text/html,application/xhtml+xml,application/xml;q=0.9,image/webp,image/apng,*/*;q=0.8',
  'user-agent' => 'Mozilla/5.0 (Windows NT 10.0; WOW64) AppleWebKit/537.36 (KHTML, like Gecko) Chrome/68.0.3440.106 Safari/537.36',
  'upgrade-insecure-requests' => '1',
  'cache-control' => 'max-age=0',
  'connection' => 'close',
  'host' => 'car.com',
)
[ info ] [ PARAM ] array (
  'contract_id' => '49',
)
[ info ] [ BEHAVIOR ] Run Closure @action_begin [ RunTime:0.000201s ]
[ info ] [ DB ] INIT mysql
[ info ] [ LOG ] INIT File
---------------------------------------------------------------
[ 2019-01-20T13:46:49+08:00 ] 127.0.0.1 GET /index.php/index/word/create_word?contract_id=49
[ info ] car.com/index.php/index/word/create_word?contract_id=49 [运行时间：0.746329s][吞吐率：1.34req/s] [内存消耗：1,529.45kb] [文件加载：67]
[ info ] [ LANG ] E:\car_subsystem\thinkphp\lang\zh-cn.php
[ info ] [ ROUTE ] array (
)
[ info ] [ HEADER ] array (
  'cookie' => 's0450de09=q8uoiiq485o70im0r4gdt50890',
  'accept-language' => 'zh-CN,zh;q=0.9,en;q=0.8',
  'accept-encoding' => 'gzip, deflate',
  'accept' => 'text/html,application/xhtml+xml,application/xml;q=0.9,image/webp,image/apng,*/*;q=0.8',
  'user-agent' => 'Mozilla/5.0 (Windows NT 10.0; WOW64) AppleWebKit/537.36 (KHTML, like Gecko) Chrome/68.0.3440.106 Safari/537.36',
  'upgrade-insecure-requests' => '1',
  'cache-control' => 'max-age=0',
  'connection' => 'close',
  'host' => 'car.com',
)
[ info ] [ PARAM ] array (
  'contract_id' => '49',
)
[ info ] [ BEHAVIOR ] Run Closure @action_begin [ RunTime:0.000249s ]
[ info ] [ DB ] INIT mysql
[ info ] [ LOG ] INIT File
---------------------------------------------------------------
[ 2019-01-20T13:47:10+08:00 ] 127.0.0.1 GET /index.php/index/word/create_word?contract_id=49
[ info ] car.com/index.php/index/word/create_word?contract_id=49 [运行时间：0.884083s][吞吐率：1.13req/s] [内存消耗：1,529.47kb] [文件加载：67]
[ info ] [ LANG ] E:\car_subsystem\thinkphp\lang\zh-cn.php
[ info ] [ ROUTE ] array (
)
[ info ] [ HEADER ] array (
  'cookie' => 's0450de09=q8uoiiq485o70im0r4gdt50890',
  'accept-language' => 'zh-CN,zh;q=0.9,en;q=0.8',
  'accept-encoding' => 'gzip, deflate',
  'accept' => 'text/html,application/xhtml+xml,application/xml;q=0.9,image/webp,image/apng,*/*;q=0.8',
  'user-agent' => 'Mozilla/5.0 (Windows NT 10.0; WOW64) AppleWebKit/537.36 (KHTML, like Gecko) Chrome/68.0.3440.106 Safari/537.36',
  'upgrade-insecure-requests' => '1',
  'cache-control' => 'max-age=0',
  'connection' => 'close',
  'host' => 'car.com',
)
[ info ] [ PARAM ] array (
  'contract_id' => '49',
)
[ info ] [ BEHAVIOR ] Run Closure @action_begin [ RunTime:0.000201s ]
[ info ] [ DB ] INIT mysql
[ info ] [ LOG ] INIT File
---------------------------------------------------------------
[ 2019-01-20T13:47:38+08:00 ] 127.0.0.1 GET /index.php/index/word/create_word?contract_id=49
[ info ] car.com/index.php/index/word/create_word?contract_id=49 [运行时间：1.125909s][吞吐率：0.89req/s] [内存消耗：1,529.47kb] [文件加载：67]
[ info ] [ LANG ] E:\car_subsystem\thinkphp\lang\zh-cn.php
[ info ] [ ROUTE ] array (
)
[ info ] [ HEADER ] array (
  'cookie' => 's0450de09=q8uoiiq485o70im0r4gdt50890',
  'accept-language' => 'zh-CN,zh;q=0.9,en;q=0.8',
  'accept-encoding' => 'gzip, deflate',
  'accept' => 'text/html,application/xhtml+xml,application/xml;q=0.9,image/webp,image/apng,*/*;q=0.8',
  'user-agent' => 'Mozilla/5.0 (Windows NT 10.0; WOW64) AppleWebKit/537.36 (KHTML, like Gecko) Chrome/68.0.3440.106 Safari/537.36',
  'upgrade-insecure-requests' => '1',
  'cache-control' => 'max-age=0',
  'connection' => 'close',
  'host' => 'car.com',
)
[ info ] [ PARAM ] array (
  'contract_id' => '49',
)
[ info ] [ BEHAVIOR ] Run Closure @action_begin [ RunTime:0.000223s ]
[ info ] [ DB ] INIT mysql
[ info ] [ LOG ] INIT File
---------------------------------------------------------------
[ 2019-01-20T13:47:45+08:00 ] 127.0.0.1 GET /index.php/index/word/create_word?contract_id=49
[ info ] car.com/index.php/index/word/create_word?contract_id=49 [运行时间：0.807937s][吞吐率：1.24req/s] [内存消耗：1,529.47kb] [文件加载：67]
[ info ] [ LANG ] E:\car_subsystem\thinkphp\lang\zh-cn.php
[ info ] [ ROUTE ] array (
)
[ info ] [ HEADER ] array (
  'cookie' => 's0450de09=q8uoiiq485o70im0r4gdt50890',
  'accept-language' => 'zh-CN,zh;q=0.9,en;q=0.8',
  'accept-encoding' => 'gzip, deflate',
  'accept' => 'text/html,application/xhtml+xml,application/xml;q=0.9,image/webp,image/apng,*/*;q=0.8',
  'user-agent' => 'Mozilla/5.0 (Windows NT 10.0; WOW64) AppleWebKit/537.36 (KHTML, like Gecko) Chrome/68.0.3440.106 Safari/537.36',
  'upgrade-insecure-requests' => '1',
  'cache-control' => 'max-age=0',
  'connection' => 'close',
  'host' => 'car.com',
)
[ info ] [ PARAM ] array (
  'contract_id' => '49',
)
[ info ] [ BEHAVIOR ] Run Closure @action_begin [ RunTime:0.000176s ]
[ info ] [ DB ] INIT mysql
[ info ] [ LOG ] INIT File
---------------------------------------------------------------
[ 2019-01-20T13:47:56+08:00 ] 127.0.0.1 GET /index.php/index/word/create_word?contract_id=49
[ info ] car.com/index.php/index/word/create_word?contract_id=49 [运行时间：0.669952s][吞吐率：1.49req/s] [内存消耗：1,529.50kb] [文件加载：67]
[ info ] [ LANG ] E:\car_subsystem\thinkphp\lang\zh-cn.php
[ info ] [ ROUTE ] array (
)
[ info ] [ HEADER ] array (
  'cookie' => 's0450de09=q8uoiiq485o70im0r4gdt50890',
  'accept-language' => 'zh-CN,zh;q=0.9,en;q=0.8',
  'accept-encoding' => 'gzip, deflate',
  'accept' => 'text/html,application/xhtml+xml,application/xml;q=0.9,image/webp,image/apng,*/*;q=0.8',
  'user-agent' => 'Mozilla/5.0 (Windows NT 10.0; WOW64) AppleWebKit/537.36 (KHTML, like Gecko) Chrome/68.0.3440.106 Safari/537.36',
  'upgrade-insecure-requests' => '1',
  'cache-control' => 'max-age=0',
  'connection' => 'close',
  'host' => 'car.com',
)
[ info ] [ PARAM ] array (
  'contract_id' => '49',
)
[ info ] [ BEHAVIOR ] Run Closure @action_begin [ RunTime:0.000240s ]
[ info ] [ DB ] INIT mysql
[ info ] [ LOG ] INIT File
---------------------------------------------------------------
[ 2019-01-20T13:49:59+08:00 ] 127.0.0.1 GET /index.php/index/word/create_word?contract_id=49
[ info ] car.com/index.php/index/word/create_word?contract_id=49 [运行时间：0.751218s][吞吐率：1.33req/s] [内存消耗：1,531.73kb] [文件加载：67]
[ info ] [ LANG ] E:\car_subsystem\thinkphp\lang\zh-cn.php
[ info ] [ ROUTE ] array (
)
[ info ] [ HEADER ] array (
  'cookie' => 's0450de09=q8uoiiq485o70im0r4gdt50890',
  'accept-language' => 'zh-CN,zh;q=0.9,en;q=0.8',
  'accept-encoding' => 'gzip, deflate',
  'accept' => 'text/html,application/xhtml+xml,application/xml;q=0.9,image/webp,image/apng,*/*;q=0.8',
  'user-agent' => 'Mozilla/5.0 (Windows NT 10.0; WOW64) AppleWebKit/537.36 (KHTML, like Gecko) Chrome/68.0.3440.106 Safari/537.36',
  'upgrade-insecure-requests' => '1',
  'cache-control' => 'max-age=0',
  'connection' => 'close',
  'host' => 'car.com',
)
[ info ] [ PARAM ] array (
  'contract_id' => '49',
)
[ info ] [ BEHAVIOR ] Run Closure @action_begin [ RunTime:0.000208s ]
[ info ] [ DB ] INIT mysql
[ info ] [ LOG ] INIT File
---------------------------------------------------------------
[ 2019-01-20T13:52:03+08:00 ] 127.0.0.1 GET /index.php/index/word/create_word?contract_id=49
[ info ] car.com/index.php/index/word/create_word?contract_id=49 [运行时间：1.256544s][吞吐率：0.80req/s] [内存消耗：5,438.94kb] [文件加载：65]
[ info ] [ LANG ] E:\car_subsystem\thinkphp\lang\zh-cn.php
[ info ] [ ROUTE ] array (
)
[ info ] [ HEADER ] array (
  'cookie' => 's0450de09=q8uoiiq485o70im0r4gdt50890',
  'accept-language' => 'zh-CN,zh;q=0.9,en;q=0.8',
  'accept-encoding' => 'gzip, deflate',
  'accept' => 'text/html,application/xhtml+xml,application/xml;q=0.9,image/webp,image/apng,*/*;q=0.8',
  'user-agent' => 'Mozilla/5.0 (Windows NT 10.0; WOW64) AppleWebKit/537.36 (KHTML, like Gecko) Chrome/68.0.3440.106 Safari/537.36',
  'upgrade-insecure-requests' => '1',
  'cache-control' => 'max-age=0',
  'connection' => 'close',
  'host' => 'car.com',
)
[ info ] [ PARAM ] array (
  'contract_id' => '49',
)
[ info ] [ BEHAVIOR ] Run Closure @action_begin [ RunTime:0.000988s ]
[ info ] [ DB ] INIT mysql
[ info ] [ LOG ] INIT File
---------------------------------------------------------------
[ 2019-01-20T14:16:02+08:00 ] 127.0.0.1 GET /index.php/index/word/create_word?contract_id=49
[ info ] car.com/index.php/index/word/create_word?contract_id=49 [运行时间：0.686253s][吞吐率：1.46req/s] [内存消耗：5,438.70kb] [文件加载：65]
[ info ] [ LANG ] E:\car_subsystem\thinkphp\lang\zh-cn.php
[ info ] [ ROUTE ] array (
)
[ info ] [ HEADER ] array (
  'cookie' => 's0450de09=q8uoiiq485o70im0r4gdt50890',
  'accept-language' => 'zh-CN,zh;q=0.9,en;q=0.8',
  'accept-encoding' => 'gzip, deflate',
  'accept' => 'text/html,application/xhtml+xml,application/xml;q=0.9,image/webp,image/apng,*/*;q=0.8',
  'user-agent' => 'Mozilla/5.0 (Windows NT 10.0; WOW64) AppleWebKit/537.36 (KHTML, like Gecko) Chrome/68.0.3440.106 Safari/537.36',
  'upgrade-insecure-requests' => '1',
  'cache-control' => 'max-age=0',
  'connection' => 'close',
  'host' => 'car.com',
)
[ info ] [ PARAM ] array (
  'contract_id' => '49',
)
[ info ] [ BEHAVIOR ] Run Closure @action_begin [ RunTime:0.000565s ]
[ info ] [ DB ] INIT mysql
[ info ] [ LOG ] INIT File
