---------------------------------------------------------------
[ 2018-11-15T15:04:58+08:00 ] 127.0.0.1 GET /index.php/webapi/user/user_center
[ info ] www_car.com/index.php/webapi/user/user_center [运行时间：0.215449s][吞吐率：4.64req/s] [内存消耗：1,748.19kb] [文件加载：60]
[ info ] [ LANG ] E:\car_subsystem\thinkphp\lang\zh-cn.php
[ info ] [ ROUTE ] array (
)
[ info ] [ HEADER ] array (
  'accept-language' => 'zh-CN,zh;q=0.9,en;q=0.8',
  'accept-encoding' => 'gzip, deflate',
  'accept' => 'text/html,application/xhtml+xml,application/xml;q=0.9,image/webp,image/apng,*/*;q=0.8',
  'user-agent' => 'Mozilla/5.0 (Windows NT 10.0; WOW64) AppleWebKit/537.36 (KHTML, like Gecko) Chrome/68.0.3440.106 Safari/537.36',
  'upgrade-insecure-requests' => '1',
  'cache-control' => 'max-age=0',
  'connection' => 'close',
  'host' => 'www_car.com',
)
[ info ] [ PARAM ] array (
)
[ info ] [ DB ] INIT mysql
[ info ] [ LOG ] INIT File
---------------------------------------------------------------
[ 2018-11-15T15:07:07+08:00 ] 127.0.0.1 GET /index.php/webapi/user/user_center
[ info ] www_car.com/index.php/webapi/user/user_center [运行时间：0.084766s][吞吐率：11.80req/s] [内存消耗：1,748.20kb] [文件加载：60]
[ info ] [ LANG ] E:\car_subsystem\thinkphp\lang\zh-cn.php
[ info ] [ ROUTE ] array (
)
[ info ] [ HEADER ] array (
  'accept-language' => 'zh-CN,zh;q=0.9,en;q=0.8',
  'accept-encoding' => 'gzip, deflate',
  'accept' => 'text/html,application/xhtml+xml,application/xml;q=0.9,image/webp,image/apng,*/*;q=0.8',
  'user-agent' => 'Mozilla/5.0 (Windows NT 10.0; WOW64) AppleWebKit/537.36 (KHTML, like Gecko) Chrome/68.0.3440.106 Safari/537.36',
  'upgrade-insecure-requests' => '1',
  'cache-control' => 'max-age=0',
  'connection' => 'close',
  'host' => 'www_car.com',
)
[ info ] [ PARAM ] array (
)
[ info ] [ DB ] INIT mysql
[ info ] [ LOG ] INIT File
---------------------------------------------------------------
[ 2018-11-15T15:37:43+08:00 ] 127.0.0.1 GET /index.php/webapi/user/user_center
[ info ] www_car.com/index.php/webapi/user/user_center [运行时间：0.107448s][吞吐率：9.31req/s] [内存消耗：1,293.23kb] [文件加载：69]
[ info ] [ LANG ] E:\car_subsystem\thinkphp\lang\zh-cn.php
[ info ] [ ROUTE ] array (
)
[ info ] [ HEADER ] array (
  'accept-language' => 'zh-CN,zh;q=0.9,en;q=0.8',
  'accept-encoding' => 'gzip, deflate',
  'accept' => 'text/html,application/xhtml+xml,application/xml;q=0.9,image/webp,image/apng,*/*;q=0.8',
  'user-agent' => 'Mozilla/5.0 (Windows NT 10.0; WOW64) AppleWebKit/537.36 (KHTML, like Gecko) Chrome/68.0.3440.106 Safari/537.36',
  'upgrade-insecure-requests' => '1',
  'connection' => 'close',
  'host' => 'www_car.com',
)
[ info ] [ PARAM ] array (
)
[ info ] [ DB ] INIT mysql
[ info ] [ LOG ] INIT File
---------------------------------------------------------------
[ 2018-11-15T15:37:46+08:00 ] 127.0.0.1 GET /index.php/webapi/user/user_center
[ info ] www_car.com/index.php/webapi/user/user_center [运行时间：0.059386s][吞吐率：16.84req/s] [内存消耗：1,292.75kb] [文件加载：69]
[ info ] [ LANG ] E:\car_subsystem\thinkphp\lang\zh-cn.php
[ info ] [ ROUTE ] array (
)
[ info ] [ HEADER ] array (
  'accept-language' => 'zh-CN,zh;q=0.9,en;q=0.8',
  'accept-encoding' => 'gzip, deflate',
  'accept' => 'text/html,application/xhtml+xml,application/xml;q=0.9,image/webp,image/apng,*/*;q=0.8',
  'user-agent' => 'Mozilla/5.0 (Windows NT 10.0; WOW64) AppleWebKit/537.36 (KHTML, like Gecko) Chrome/68.0.3440.106 Safari/537.36',
  'upgrade-insecure-requests' => '1',
  'cache-control' => 'max-age=0',
  'connection' => 'close',
  'host' => 'www_car.com',
)
[ info ] [ PARAM ] array (
)
[ info ] [ DB ] INIT mysql
[ info ] [ LOG ] INIT File
---------------------------------------------------------------
[ 2018-11-15T15:38:23+08:00 ] 127.0.0.1 GET /index.php/webapi/user/user_center
[ info ] www_car.com/index.php/webapi/user/user_center [运行时间：0.073960s][吞吐率：13.52req/s] [内存消耗：1,292.69kb] [文件加载：69]
[ info ] [ LANG ] E:\car_subsystem\thinkphp\lang\zh-cn.php
[ info ] [ ROUTE ] array (
)
[ info ] [ HEADER ] array (
  'accept-language' => 'zh-CN,zh;q=0.9,en;q=0.8',
  'accept-encoding' => 'gzip, deflate',
  'accept' => 'text/html,application/xhtml+xml,application/xml;q=0.9,image/webp,image/apng,*/*;q=0.8',
  'user-agent' => 'Mozilla/5.0 (Windows NT 10.0; WOW64) AppleWebKit/537.36 (KHTML, like Gecko) Chrome/68.0.3440.106 Safari/537.36',
  'upgrade-insecure-requests' => '1',
  'connection' => 'close',
  'host' => 'www_car.com',
)
[ info ] [ PARAM ] array (
)
[ info ] [ DB ] INIT mysql
[ info ] [ LOG ] INIT File
---------------------------------------------------------------
[ 2018-11-15T15:38:31+08:00 ] 127.0.0.1 GET /index.php/webapi/user/user_center
[ info ] www_car.com/index.php/webapi/user/user_center [运行时间：0.073006s][吞吐率：13.70req/s] [内存消耗：1,292.75kb] [文件加载：69]
[ info ] [ LANG ] E:\car_subsystem\thinkphp\lang\zh-cn.php
[ info ] [ ROUTE ] array (
)
[ info ] [ HEADER ] array (
  'accept-language' => 'zh-CN,zh;q=0.9,en;q=0.8',
  'accept-encoding' => 'gzip, deflate',
  'accept' => 'text/html,application/xhtml+xml,application/xml;q=0.9,image/webp,image/apng,*/*;q=0.8',
  'user-agent' => 'Mozilla/5.0 (Windows NT 10.0; WOW64) AppleWebKit/537.36 (KHTML, like Gecko) Chrome/68.0.3440.106 Safari/537.36',
  'upgrade-insecure-requests' => '1',
  'cache-control' => 'max-age=0',
  'connection' => 'close',
  'host' => 'www_car.com',
)
[ info ] [ PARAM ] array (
)
[ info ] [ DB ] INIT mysql
[ info ] [ LOG ] INIT File
---------------------------------------------------------------
[ 2018-11-15T15:38:51+08:00 ] 127.0.0.1 GET /index.php/webapi/user/user_center
[ info ] www_car.com/index.php/webapi/user/user_center [运行时间：0.435049s][吞吐率：2.30req/s] [内存消耗：1,292.75kb] [文件加载：69]
[ info ] [ LANG ] E:\car_subsystem\thinkphp\lang\zh-cn.php
[ info ] [ ROUTE ] array (
)
[ info ] [ HEADER ] array (
  'accept-language' => 'zh-CN,zh;q=0.9,en;q=0.8',
  'accept-encoding' => 'gzip, deflate',
  'accept' => 'text/html,application/xhtml+xml,application/xml;q=0.9,image/webp,image/apng,*/*;q=0.8',
  'user-agent' => 'Mozilla/5.0 (Windows NT 10.0; WOW64) AppleWebKit/537.36 (KHTML, like Gecko) Chrome/68.0.3440.106 Safari/537.36',
  'upgrade-insecure-requests' => '1',
  'cache-control' => 'max-age=0',
  'connection' => 'close',
  'host' => 'www_car.com',
)
[ info ] [ PARAM ] array (
)
[ info ] [ DB ] INIT mysql
[ info ] [ LOG ] INIT File
---------------------------------------------------------------
[ 2018-11-15T15:38:52+08:00 ] 127.0.0.1 GET /index.php/webapi/user/user_center
[ info ] www_car.com/index.php/webapi/user/user_center [运行时间：0.174924s][吞吐率：5.72req/s] [内存消耗：1,292.75kb] [文件加载：69]
[ info ] [ LANG ] E:\car_subsystem\thinkphp\lang\zh-cn.php
[ info ] [ ROUTE ] array (
)
[ info ] [ HEADER ] array (
  'accept-language' => 'zh-CN,zh;q=0.9,en;q=0.8',
  'accept-encoding' => 'gzip, deflate',
  'accept' => 'text/html,application/xhtml+xml,application/xml;q=0.9,image/webp,image/apng,*/*;q=0.8',
  'user-agent' => 'Mozilla/5.0 (Windows NT 10.0; WOW64) AppleWebKit/537.36 (KHTML, like Gecko) Chrome/68.0.3440.106 Safari/537.36',
  'upgrade-insecure-requests' => '1',
  'cache-control' => 'max-age=0',
  'connection' => 'close',
  'host' => 'www_car.com',
)
[ info ] [ PARAM ] array (
)
[ info ] [ DB ] INIT mysql
[ info ] [ LOG ] INIT File
---------------------------------------------------------------
[ 2018-11-15T15:39:00+08:00 ] 127.0.0.1 GET /
[ info ] www_car.com/ [运行时间：0.093926s][吞吐率：10.65req/s] [内存消耗：1,318.23kb] [文件加载：68]
[ info ] [ LANG ] E:\car_subsystem\thinkphp\lang\zh-cn.php
[ info ] [ ROUTE ] array (
)
[ info ] [ HEADER ] array (
  'accept-language' => 'zh-CN,zh;q=0.9,en;q=0.8',
  'accept-encoding' => 'gzip, deflate',
  'accept' => 'text/html,application/xhtml+xml,application/xml;q=0.9,image/webp,image/apng,*/*;q=0.8',
  'user-agent' => 'Mozilla/5.0 (Windows NT 10.0; WOW64) AppleWebKit/537.36 (KHTML, like Gecko) Chrome/68.0.3440.106 Safari/537.36',
  'upgrade-insecure-requests' => '1',
  'connection' => 'close',
  'host' => 'www_car.com',
)
[ info ] [ PARAM ] array (
)
[ info ] [ DB ] INIT mysql
[ info ] [ LOG ] INIT File
---------------------------------------------------------------
[ 2018-11-15T15:39:01+08:00 ] 127.0.0.1 GET /
[ info ] www_car.com/ [运行时间：0.069432s][吞吐率：14.40req/s] [内存消耗：1,318.29kb] [文件加载：68]
[ info ] [ LANG ] E:\car_subsystem\thinkphp\lang\zh-cn.php
[ info ] [ ROUTE ] array (
)
[ info ] [ HEADER ] array (
  'accept-language' => 'zh-CN,zh;q=0.9,en;q=0.8',
  'accept-encoding' => 'gzip, deflate',
  'accept' => 'text/html,application/xhtml+xml,application/xml;q=0.9,image/webp,image/apng,*/*;q=0.8',
  'user-agent' => 'Mozilla/5.0 (Windows NT 10.0; WOW64) AppleWebKit/537.36 (KHTML, like Gecko) Chrome/68.0.3440.106 Safari/537.36',
  'upgrade-insecure-requests' => '1',
  'cache-control' => 'max-age=0',
  'connection' => 'close',
  'host' => 'www_car.com',
)
[ info ] [ PARAM ] array (
)
[ info ] [ DB ] INIT mysql
[ info ] [ LOG ] INIT File
---------------------------------------------------------------
[ 2018-11-15T15:39:02+08:00 ] 127.0.0.1 GET /
[ info ] www_car.com/ [运行时间：0.120031s][吞吐率：8.33req/s] [内存消耗：1,318.29kb] [文件加载：68]
[ info ] [ LANG ] E:\car_subsystem\thinkphp\lang\zh-cn.php
[ info ] [ ROUTE ] array (
)
[ info ] [ HEADER ] array (
  'accept-language' => 'zh-CN,zh;q=0.9,en;q=0.8',
  'accept-encoding' => 'gzip, deflate',
  'accept' => 'text/html,application/xhtml+xml,application/xml;q=0.9,image/webp,image/apng,*/*;q=0.8',
  'user-agent' => 'Mozilla/5.0 (Windows NT 10.0; WOW64) AppleWebKit/537.36 (KHTML, like Gecko) Chrome/68.0.3440.106 Safari/537.36',
  'upgrade-insecure-requests' => '1',
  'cache-control' => 'max-age=0',
  'connection' => 'close',
  'host' => 'www_car.com',
)
[ info ] [ PARAM ] array (
)
[ info ] [ DB ] INIT mysql
[ info ] [ LOG ] INIT File
---------------------------------------------------------------
[ 2018-11-15T15:39:02+08:00 ] 127.0.0.1 GET /
[ info ] www_car.com/ [运行时间：0.070448s][吞吐率：14.19req/s] [内存消耗：1,318.29kb] [文件加载：68]
[ info ] [ LANG ] E:\car_subsystem\thinkphp\lang\zh-cn.php
[ info ] [ ROUTE ] array (
)
[ info ] [ HEADER ] array (
  'accept-language' => 'zh-CN,zh;q=0.9,en;q=0.8',
  'accept-encoding' => 'gzip, deflate',
  'accept' => 'text/html,application/xhtml+xml,application/xml;q=0.9,image/webp,image/apng,*/*;q=0.8',
  'user-agent' => 'Mozilla/5.0 (Windows NT 10.0; WOW64) AppleWebKit/537.36 (KHTML, like Gecko) Chrome/68.0.3440.106 Safari/537.36',
  'upgrade-insecure-requests' => '1',
  'cache-control' => 'max-age=0',
  'connection' => 'close',
  'host' => 'www_car.com',
)
[ info ] [ PARAM ] array (
)
[ info ] [ DB ] INIT mysql
[ info ] [ LOG ] INIT File
---------------------------------------------------------------
[ 2018-11-15T15:39:32+08:00 ] 127.0.0.1 GET /
[ info ] www_car.com/ [运行时间：0.071647s][吞吐率：13.96req/s] [内存消耗：1,318.29kb] [文件加载：68]
[ info ] [ LANG ] E:\car_subsystem\thinkphp\lang\zh-cn.php
[ info ] [ ROUTE ] array (
)
[ info ] [ HEADER ] array (
  'accept-language' => 'zh-CN,zh;q=0.9,en;q=0.8',
  'accept-encoding' => 'gzip, deflate',
  'accept' => 'text/html,application/xhtml+xml,application/xml;q=0.9,image/webp,image/apng,*/*;q=0.8',
  'user-agent' => 'Mozilla/5.0 (Windows NT 10.0; WOW64) AppleWebKit/537.36 (KHTML, like Gecko) Chrome/68.0.3440.106 Safari/537.36',
  'upgrade-insecure-requests' => '1',
  'cache-control' => 'max-age=0',
  'connection' => 'close',
  'host' => 'www_car.com',
)
[ info ] [ PARAM ] array (
)
[ info ] [ DB ] INIT mysql
[ info ] [ LOG ] INIT File
---------------------------------------------------------------
[ 2018-11-15T15:39:33+08:00 ] 127.0.0.1 GET /
[ info ] www_car.com/ [运行时间：0.060779s][吞吐率：16.45req/s] [内存消耗：1,318.29kb] [文件加载：68]
[ info ] [ LANG ] E:\car_subsystem\thinkphp\lang\zh-cn.php
[ info ] [ ROUTE ] array (
)
[ info ] [ HEADER ] array (
  'accept-language' => 'zh-CN,zh;q=0.9,en;q=0.8',
  'accept-encoding' => 'gzip, deflate',
  'accept' => 'text/html,application/xhtml+xml,application/xml;q=0.9,image/webp,image/apng,*/*;q=0.8',
  'user-agent' => 'Mozilla/5.0 (Windows NT 10.0; WOW64) AppleWebKit/537.36 (KHTML, like Gecko) Chrome/68.0.3440.106 Safari/537.36',
  'upgrade-insecure-requests' => '1',
  'cache-control' => 'max-age=0',
  'connection' => 'close',
  'host' => 'www_car.com',
)
[ info ] [ PARAM ] array (
)
[ info ] [ DB ] INIT mysql
[ info ] [ LOG ] INIT File
---------------------------------------------------------------
[ 2018-11-15T15:39:50+08:00 ] 127.0.0.1 GET /
[ info ] www_car.com/ [运行时间：0.754119s][吞吐率：1.33req/s] [内存消耗：1,691.94kb] [文件加载：77]
[ info ] [ LANG ] E:\car_subsystem\thinkphp\lang\zh-cn.php
[ info ] [ ROUTE ] array (
)
[ info ] [ HEADER ] array (
  'accept-language' => 'zh-CN,zh;q=0.9,en;q=0.8',
  'accept-encoding' => 'gzip, deflate',
  'accept' => 'text/html,application/xhtml+xml,application/xml;q=0.9,image/webp,image/apng,*/*;q=0.8',
  'user-agent' => 'Mozilla/5.0 (Windows NT 10.0; WOW64) AppleWebKit/537.36 (KHTML, like Gecko) Chrome/68.0.3440.106 Safari/537.36',
  'upgrade-insecure-requests' => '1',
  'cache-control' => 'max-age=0',
  'connection' => 'close',
  'host' => 'www_car.com',
)
[ info ] [ PARAM ] array (
)
[ info ] [ DB ] INIT mysql
[ info ] [ BEHAVIOR ] Run Closure @action_begin [ RunTime:0.000188s ]
[ info ] [ VIEW ] E:\car_subsystem/application/index\view\index\index.html [ array (
  0 => 'has_sale',
  1 => 'classuri',
  2 => 'list',
  3 => 'images',
  4 => 'jiaoche',
) ]
[ info ] [ LOG ] INIT File
---------------------------------------------------------------
[ 2018-11-15T15:39:53+08:00 ] 127.0.0.1 GET /
[ info ] www_car.com/ [运行时间：0.241813s][吞吐率：4.14req/s] [内存消耗：1,562.13kb] [文件加载：75]
[ info ] [ LANG ] E:\car_subsystem\thinkphp\lang\zh-cn.php
[ info ] [ ROUTE ] array (
)
[ info ] [ HEADER ] array (
  'accept-language' => 'zh-CN,zh;q=0.9,en;q=0.8',
  'accept-encoding' => 'gzip, deflate',
  'accept' => 'text/html,application/xhtml+xml,application/xml;q=0.9,image/webp,image/apng,*/*;q=0.8',
  'user-agent' => 'Mozilla/5.0 (Windows NT 10.0; WOW64) AppleWebKit/537.36 (KHTML, like Gecko) Chrome/68.0.3440.106 Safari/537.36',
  'upgrade-insecure-requests' => '1',
  'cache-control' => 'max-age=0',
  'connection' => 'close',
  'host' => 'www_car.com',
)
[ info ] [ PARAM ] array (
)
[ info ] [ DB ] INIT mysql
[ info ] [ BEHAVIOR ] Run Closure @action_begin [ RunTime:0.000200s ]
[ info ] [ VIEW ] E:\car_subsystem/application/index\view\index\index.html [ array (
  0 => 'has_sale',
  1 => 'classuri',
  2 => 'list',
  3 => 'images',
  4 => 'jiaoche',
) ]
[ info ] [ LOG ] INIT File
---------------------------------------------------------------
[ 2018-11-15T15:39:54+08:00 ] 127.0.0.1 GET /
[ info ] www_car.com/ [运行时间：0.318283s][吞吐率：3.14req/s] [内存消耗：1,562.13kb] [文件加载：75]
[ info ] [ LANG ] E:\car_subsystem\thinkphp\lang\zh-cn.php
[ info ] [ ROUTE ] array (
)
[ info ] [ HEADER ] array (
  'accept-language' => 'zh-CN,zh;q=0.9,en;q=0.8',
  'accept-encoding' => 'gzip, deflate',
  'accept' => 'text/html,application/xhtml+xml,application/xml;q=0.9,image/webp,image/apng,*/*;q=0.8',
  'user-agent' => 'Mozilla/5.0 (Windows NT 10.0; WOW64) AppleWebKit/537.36 (KHTML, like Gecko) Chrome/68.0.3440.106 Safari/537.36',
  'upgrade-insecure-requests' => '1',
  'cache-control' => 'max-age=0',
  'connection' => 'close',
  'host' => 'www_car.com',
)
[ info ] [ PARAM ] array (
)
[ info ] [ DB ] INIT mysql
[ info ] [ BEHAVIOR ] Run Closure @action_begin [ RunTime:0.000173s ]
[ info ] [ VIEW ] E:\car_subsystem/application/index\view\index\index.html [ array (
  0 => 'has_sale',
  1 => 'classuri',
  2 => 'list',
  3 => 'images',
  4 => 'jiaoche',
) ]
[ info ] [ LOG ] INIT File
---------------------------------------------------------------
[ 2018-11-15T15:40:03+08:00 ] 127.0.0.1 GET /index.php/webapi/user/user_center
[ info ] www_car.com/index.php/webapi/user/user_center [运行时间：0.314744s][吞吐率：3.18req/s] [内存消耗：1,510.09kb] [文件加载：73]
[ info ] [ LANG ] E:\car_subsystem\thinkphp\lang\zh-cn.php
[ info ] [ ROUTE ] array (
)
[ info ] [ HEADER ] array (
  'accept-language' => 'zh-CN,zh;q=0.9,en;q=0.8',
  'accept-encoding' => 'gzip, deflate',
  'accept' => 'text/html,application/xhtml+xml,application/xml;q=0.9,image/webp,image/apng,*/*;q=0.8',
  'user-agent' => 'Mozilla/5.0 (Windows NT 10.0; WOW64) AppleWebKit/537.36 (KHTML, like Gecko) Chrome/68.0.3440.106 Safari/537.36',
  'upgrade-insecure-requests' => '1',
  'connection' => 'close',
  'host' => 'www_car.com',
)
[ info ] [ PARAM ] array (
)
[ info ] [ DB ] INIT mysql
[ info ] [ CACHE ] INIT File
[ info ] [ BEHAVIOR ] Run Closure @action_begin [ RunTime:0.107106s ]
[ info ] [ VIEW ] E:\car_subsystem/application/webapi\view\user\user_center.html [ array (
  0 => 'classuri',
  1 => 'user_info',
  2 => 'contract_info',
) ]
[ info ] [ LOG ] INIT File
---------------------------------------------------------------
[ 2018-11-15T15:40:08+08:00 ] 127.0.0.1 GET /index.php/webapi/user/user_center
[ info ] www_car.com/index.php/webapi/user/user_center [运行时间：0.277189s][吞吐率：3.61req/s] [内存消耗：1,510.38kb] [文件加载：73]
[ info ] [ LANG ] E:\car_subsystem\thinkphp\lang\zh-cn.php
[ info ] [ ROUTE ] array (
)
[ info ] [ HEADER ] array (
  'accept-language' => 'zh-CN,zh;q=0.9,en;q=0.8',
  'accept-encoding' => 'gzip, deflate',
  'accept' => 'text/html,application/xhtml+xml,application/xml;q=0.9,image/webp,image/apng,*/*;q=0.8',
  'user-agent' => 'Mozilla/5.0 (Linux; Android 6.0; Nexus 5 Build/MRA58N) AppleWebKit/537.36 (KHTML, like Gecko) Chrome/68.0.3440.106 Mobile Safari/537.36',
  'upgrade-insecure-requests' => '1',
  'cache-control' => 'max-age=0',
  'connection' => 'close',
  'host' => 'www_car.com',
)
[ info ] [ PARAM ] array (
)
[ info ] [ DB ] INIT mysql
[ info ] [ CACHE ] INIT File
[ info ] [ BEHAVIOR ] Run Closure @action_begin [ RunTime:0.093069s ]
[ info ] [ VIEW ] E:\car_subsystem/application/webapi\view\user\user_center.html [ array (
  0 => 'classuri',
  1 => 'user_info',
  2 => 'contract_info',
) ]
[ info ] [ LOG ] INIT File
---------------------------------------------------------------
[ 2018-11-15T15:40:11+08:00 ] 127.0.0.1 GET /index.php/webapi/user/gouche.html
[ info ] www_car.com/index.php/webapi/user/gouche.html [运行时间：0.186253s][吞吐率：5.37req/s] [内存消耗：1,486.49kb] [文件加载：72]
[ info ] [ LANG ] E:\car_subsystem\thinkphp\lang\zh-cn.php
[ info ] [ ROUTE ] array (
)
[ info ] [ HEADER ] array (
  'accept-language' => 'zh-CN,zh;q=0.9,en;q=0.8',
  'accept-encoding' => 'gzip, deflate',
  'referer' => 'http://www_car.com/index.php/webapi/user/user_center',
  'accept' => 'text/html,application/xhtml+xml,application/xml;q=0.9,image/webp,image/apng,*/*;q=0.8',
  'user-agent' => 'Mozilla/5.0 (Linux; Android 6.0; Nexus 5 Build/MRA58N) AppleWebKit/537.36 (KHTML, like Gecko) Chrome/68.0.3440.106 Mobile Safari/537.36',
  'upgrade-insecure-requests' => '1',
  'connection' => 'close',
  'host' => 'www_car.com',
)
[ info ] [ PARAM ] array (
)
[ info ] [ DB ] INIT mysql
[ info ] [ CACHE ] INIT File
[ info ] [ BEHAVIOR ] Run Closure @action_begin [ RunTime:0.065646s ]
[ info ] [ VIEW ] E:\car_subsystem/application/webapi\view\user\gouche.html [ array (
  0 => 'classuri',
  1 => 'contract_info',
) ]
[ info ] [ LOG ] INIT File
---------------------------------------------------------------
[ 2018-11-15T15:40:12+08:00 ] 127.0.0.1 GET /index.php/webapi/contract/index.html
[ info ] www_car.com/index.php/webapi/contract/index.html [运行时间：0.541627s][吞吐率：1.85req/s] [内存消耗：1,936.97kb] [文件加载：83]
[ info ] [ LANG ] E:\car_subsystem\thinkphp\lang\zh-cn.php
[ info ] [ ROUTE ] array (
)
[ info ] [ HEADER ] array (
  'accept-language' => 'zh-CN,zh;q=0.9,en;q=0.8',
  'accept-encoding' => 'gzip, deflate',
  'referer' => 'http://www_car.com/index.php/webapi/user/gouche.html',
  'accept' => 'text/html,application/xhtml+xml,application/xml;q=0.9,image/webp,image/apng,*/*;q=0.8',
  'user-agent' => 'Mozilla/5.0 (Linux; Android 6.0; Nexus 5 Build/MRA58N) AppleWebKit/537.36 (KHTML, like Gecko) Chrome/68.0.3440.106 Mobile Safari/537.36',
  'upgrade-insecure-requests' => '1',
  'connection' => 'close',
  'host' => 'www_car.com',
)
[ info ] [ PARAM ] array (
)
[ info ] [ DB ] INIT mysql
[ info ] [ CACHE ] INIT File
[ info ] [ BEHAVIOR ] Run Closure @action_begin [ RunTime:0.072476s ]
[ info ] [ VIEW ] E:\car_subsystem/application/webapi\view\contract\index.html [ array (
  0 => 'classuri',
  1 => 'info',
) ]
[ info ] [ LOG ] INIT File
---------------------------------------------------------------
[ 2018-11-15T15:40:26+08:00 ] 127.0.0.1 GET /index.php/webapi/user/gouche.html
[ info ] www_car.com/index.php/webapi/user/gouche.html [运行时间：0.190871s][吞吐率：5.24req/s] [内存消耗：1,486.83kb] [文件加载：72]
[ info ] [ LANG ] E:\car_subsystem\thinkphp\lang\zh-cn.php
[ info ] [ ROUTE ] array (
)
[ info ] [ HEADER ] array (
  'accept-language' => 'zh-CN,zh;q=0.9,en;q=0.8',
  'accept-encoding' => 'gzip, deflate',
  'referer' => 'http://www_car.com/index.php/webapi/user/user_center',
  'accept' => 'text/html,application/xhtml+xml,application/xml;q=0.9,image/webp,image/apng,*/*;q=0.8',
  'user-agent' => 'Mozilla/5.0 (iPhone; CPU iPhone OS 11_0 like Mac OS X) AppleWebKit/604.1.38 (KHTML, like Gecko) Version/11.0 Mobile/15A372 Safari/604.1',
  'upgrade-insecure-requests' => '1',
  'cache-control' => 'max-age=0',
  'connection' => 'close',
  'host' => 'www_car.com',
)
[ info ] [ PARAM ] array (
)
[ info ] [ DB ] INIT mysql
[ info ] [ CACHE ] INIT File
[ info ] [ BEHAVIOR ] Run Closure @action_begin [ RunTime:0.085898s ]
[ info ] [ VIEW ] E:\car_subsystem/application/webapi\view\user\gouche.html [ array (
  0 => 'classuri',
  1 => 'contract_info',
) ]
[ info ] [ LOG ] INIT File
---------------------------------------------------------------
[ 2018-11-15T22:43:15+08:00 ] 127.0.0.1 GET /index.php/webapi/user/user_center
[ info ] www_car.com/index.php/webapi/user/user_center [运行时间：0.304575s][吞吐率：3.28req/s] [内存消耗：1,510.16kb] [文件加载：73]
[ info ] [ LANG ] E:\car_subsystem\thinkphp\lang\zh-cn.php
[ info ] [ ROUTE ] array (
)
[ info ] [ HEADER ] array (
  'accept-language' => 'zh-CN,zh;q=0.9,en;q=0.8',
  'accept-encoding' => 'gzip, deflate',
  'accept' => 'text/html,application/xhtml+xml,application/xml;q=0.9,image/webp,image/apng,*/*;q=0.8',
  'user-agent' => 'Mozilla/5.0 (Windows NT 10.0; WOW64) AppleWebKit/537.36 (KHTML, like Gecko) Chrome/68.0.3440.106 Safari/537.36',
  'upgrade-insecure-requests' => '1',
  'cache-control' => 'max-age=0',
  'connection' => 'close',
  'host' => 'www_car.com',
)
[ info ] [ PARAM ] array (
)
[ info ] [ DB ] INIT mysql
[ info ] [ CACHE ] INIT File
[ info ] [ BEHAVIOR ] Run Closure @action_begin [ RunTime:0.097659s ]
[ info ] [ VIEW ] E:\car_subsystem/application/webapi\view\user\user_center.html [ array (
  0 => 'classuri',
  1 => 'user_info',
  2 => 'contract_info',
) ]
[ info ] [ LOG ] INIT File
