---------------------------------------------------------------
[ 2018-11-17T18:31:18+08:00 ] 127.0.0.1 GET /index.php/webapi/user/gouche.html
[ info ] www_car.com/index.php/webapi/user/gouche.html [运行时间：0.551207s][吞吐率：1.81req/s] [内存消耗：1,486.78kb] [文件加载：72]
[ info ] [ LANG ] E:\car_subsystem\thinkphp\lang\zh-cn.php
[ info ] [ ROUTE ] array (
)
[ info ] [ HEADER ] array (
  'accept-language' => 'zh-CN,zh;q=0.9,en;q=0.8',
  'accept-encoding' => 'gzip, deflate',
  'referer' => 'http://www_car.com/index.php/webapi/user/user_center',
  'accept' => 'text/html,application/xhtml+xml,application/xml;q=0.9,image/webp,image/apng,*/*;q=0.8',
  'user-agent' => 'Mozilla/5.0 (iPhone; CPU iPhone OS 11_0 like Mac OS X) AppleWebKit/604.1.38 (KHTML, like Gecko) Version/11.0 Mobile/15A372 Safari/604.1',
  'upgrade-insecure-requests' => '1',
  'cache-control' => 'max-age=0',
  'connection' => 'close',
  'host' => 'www_car.com',
)
[ info ] [ PARAM ] array (
)
[ info ] [ DB ] INIT mysql
[ info ] [ CACHE ] INIT File
[ info ] [ BEHAVIOR ] Run Closure @action_begin [ RunTime:0.180317s ]
[ info ] [ VIEW ] E:\car_subsystem/application/webapi\view\user\gouche.html [ array (
  0 => 'classuri',
  1 => 'contract_info',
) ]
[ info ] [ LOG ] INIT File
