---------------------------------------------------------------
[ 2018-09-12T18:23:56+08:00 ] 127.0.0.1 GET /index.php/api/plugs/test2
[ info ] car.com/index.php/api/plugs/test2 [运行时间：0.585034s][吞吐率：1.71req/s] [内存消耗：1,642.88kb] [文件加载：73]
[ info ] [ LANG ] E:\car_subsystem\thinkphp\lang\zh-cn.php
[ info ] [ ROUTE ] array (
)
[ info ] [ HEADER ] array (
  'accept-language' => 'zh-CN,zh;q=0.9',
  'accept-encoding' => 'gzip, deflate',
  'accept' => 'text/html,application/xhtml+xml,application/xml;q=0.9,image/webp,image/apng,*/*;q=0.8',
  'user-agent' => 'Mozilla/5.0 (Windows NT 6.1; WOW64) AppleWebKit/537.36 (KHTML, like Gecko) Chrome/68.0.3440.106 Safari/537.36',
  'upgrade-insecure-requests' => '1',
  'cache-control' => 'max-age=0',
  'connection' => 'close',
  'host' => 'car.com',
)
[ info ] [ PARAM ] array (
)
[ info ] [ BEHAVIOR ] Run Closure @action_begin [ RunTime:0.001000s ]
[ info ] [ DB ] INIT mysql
[ info ] [ LOG ] INIT File
---------------------------------------------------------------
[ 2018-09-12T18:42:53+08:00 ] 127.0.0.1 GET /index.php/api/plugs/test2
[ info ] car.com/index.php/api/plugs/test2 [运行时间：0.483028s][吞吐率：2.07req/s] [内存消耗：1,644.09kb] [文件加载：73]
[ info ] [ LANG ] E:\car_subsystem\thinkphp\lang\zh-cn.php
[ info ] [ ROUTE ] array (
)
[ info ] [ HEADER ] array (
  'accept-language' => 'zh-CN,zh;q=0.9',
  'accept-encoding' => 'gzip, deflate',
  'accept' => 'text/html,application/xhtml+xml,application/xml;q=0.9,image/webp,image/apng,*/*;q=0.8',
  'user-agent' => 'Mozilla/5.0 (Windows NT 6.1; WOW64) AppleWebKit/537.36 (KHTML, like Gecko) Chrome/68.0.3440.106 Safari/537.36',
  'upgrade-insecure-requests' => '1',
  'cache-control' => 'max-age=0',
  'connection' => 'close',
  'host' => 'car.com',
)
[ info ] [ PARAM ] array (
)
[ info ] [ BEHAVIOR ] Run Closure @action_begin [ RunTime:0.000000s ]
[ info ] [ DB ] INIT mysql
[ info ] [ LOG ] INIT File
---------------------------------------------------------------
[ 2018-09-12T18:42:59+08:00 ] 127.0.0.1 GET /index.php/api/plugs/test2
[ info ] car.com/index.php/api/plugs/test2 [运行时间：0.376021s][吞吐率：2.66req/s] [内存消耗：1,644.09kb] [文件加载：73]
[ info ] [ LANG ] E:\car_subsystem\thinkphp\lang\zh-cn.php
[ info ] [ ROUTE ] array (
)
[ info ] [ HEADER ] array (
  'accept-language' => 'zh-CN,zh;q=0.9',
  'accept-encoding' => 'gzip, deflate',
  'accept' => 'text/html,application/xhtml+xml,application/xml;q=0.9,image/webp,image/apng,*/*;q=0.8',
  'user-agent' => 'Mozilla/5.0 (Windows NT 6.1; WOW64) AppleWebKit/537.36 (KHTML, like Gecko) Chrome/68.0.3440.106 Safari/537.36',
  'upgrade-insecure-requests' => '1',
  'cache-control' => 'max-age=0',
  'connection' => 'close',
  'host' => 'car.com',
)
[ info ] [ PARAM ] array (
)
[ info ] [ BEHAVIOR ] Run Closure @action_begin [ RunTime:0.000000s ]
[ info ] [ DB ] INIT mysql
[ info ] [ LOG ] INIT File
---------------------------------------------------------------
[ 2018-09-12T18:44:47+08:00 ] 127.0.0.1 GET /index.php/api/plugs/test2
[ info ] car.com/index.php/api/plugs/test2 [运行时间：0.493028s][吞吐率：2.03req/s] [内存消耗：1,644.09kb] [文件加载：73]
[ info ] [ LANG ] E:\car_subsystem\thinkphp\lang\zh-cn.php
[ info ] [ ROUTE ] array (
)
[ info ] [ HEADER ] array (
  'accept-language' => 'zh-CN,zh;q=0.9',
  'accept-encoding' => 'gzip, deflate',
  'accept' => 'text/html,application/xhtml+xml,application/xml;q=0.9,image/webp,image/apng,*/*;q=0.8',
  'user-agent' => 'Mozilla/5.0 (Windows NT 6.1; WOW64) AppleWebKit/537.36 (KHTML, like Gecko) Chrome/68.0.3440.106 Safari/537.36',
  'upgrade-insecure-requests' => '1',
  'cache-control' => 'max-age=0',
  'connection' => 'close',
  'host' => 'car.com',
)
[ info ] [ PARAM ] array (
)
[ info ] [ BEHAVIOR ] Run Closure @action_begin [ RunTime:0.010000s ]
[ info ] [ DB ] INIT mysql
[ info ] [ LOG ] INIT File
---------------------------------------------------------------
[ 2018-09-12T18:44:48+08:00 ] 127.0.0.1 GET /index.php/api/plugs/test2
[ info ] car.com/index.php/api/plugs/test2 [运行时间：0.370021s][吞吐率：2.70req/s] [内存消耗：1,644.09kb] [文件加载：73]
[ info ] [ LANG ] E:\car_subsystem\thinkphp\lang\zh-cn.php
[ info ] [ ROUTE ] array (
)
[ info ] [ HEADER ] array (
  'accept-language' => 'zh-CN,zh;q=0.9',
  'accept-encoding' => 'gzip, deflate',
  'accept' => 'text/html,application/xhtml+xml,application/xml;q=0.9,image/webp,image/apng,*/*;q=0.8',
  'user-agent' => 'Mozilla/5.0 (Windows NT 6.1; WOW64) AppleWebKit/537.36 (KHTML, like Gecko) Chrome/68.0.3440.106 Safari/537.36',
  'upgrade-insecure-requests' => '1',
  'cache-control' => 'max-age=0',
  'connection' => 'close',
  'host' => 'car.com',
)
[ info ] [ PARAM ] array (
)
[ info ] [ BEHAVIOR ] Run Closure @action_begin [ RunTime:0.000000s ]
[ info ] [ DB ] INIT mysql
[ info ] [ LOG ] INIT File
---------------------------------------------------------------
[ 2018-09-12T18:44:49+08:00 ] 127.0.0.1 GET /index.php/api/plugs/test2
[ info ] car.com/index.php/api/plugs/test2 [运行时间：0.367021s][吞吐率：2.72req/s] [内存消耗：1,644.09kb] [文件加载：73]
[ info ] [ LANG ] E:\car_subsystem\thinkphp\lang\zh-cn.php
[ info ] [ ROUTE ] array (
)
[ info ] [ HEADER ] array (
  'accept-language' => 'zh-CN,zh;q=0.9',
  'accept-encoding' => 'gzip, deflate',
  'accept' => 'text/html,application/xhtml+xml,application/xml;q=0.9,image/webp,image/apng,*/*;q=0.8',
  'user-agent' => 'Mozilla/5.0 (Windows NT 6.1; WOW64) AppleWebKit/537.36 (KHTML, like Gecko) Chrome/68.0.3440.106 Safari/537.36',
  'upgrade-insecure-requests' => '1',
  'cache-control' => 'max-age=0',
  'connection' => 'close',
  'host' => 'car.com',
)
[ info ] [ PARAM ] array (
)
[ info ] [ BEHAVIOR ] Run Closure @action_begin [ RunTime:0.000000s ]
[ info ] [ DB ] INIT mysql
[ info ] [ LOG ] INIT File
---------------------------------------------------------------
[ 2018-09-12T18:44:50+08:00 ] 127.0.0.1 GET /index.php/api/plugs/test2
[ info ] car.com/index.php/api/plugs/test2 [运行时间：0.372021s][吞吐率：2.69req/s] [内存消耗：1,644.09kb] [文件加载：73]
[ info ] [ LANG ] E:\car_subsystem\thinkphp\lang\zh-cn.php
[ info ] [ ROUTE ] array (
)
[ info ] [ HEADER ] array (
  'accept-language' => 'zh-CN,zh;q=0.9',
  'accept-encoding' => 'gzip, deflate',
  'accept' => 'text/html,application/xhtml+xml,application/xml;q=0.9,image/webp,image/apng,*/*;q=0.8',
  'user-agent' => 'Mozilla/5.0 (Windows NT 6.1; WOW64) AppleWebKit/537.36 (KHTML, like Gecko) Chrome/68.0.3440.106 Safari/537.36',
  'upgrade-insecure-requests' => '1',
  'cache-control' => 'max-age=0',
  'connection' => 'close',
  'host' => 'car.com',
)
[ info ] [ PARAM ] array (
)
[ info ] [ BEHAVIOR ] Run Closure @action_begin [ RunTime:0.000000s ]
[ info ] [ DB ] INIT mysql
[ info ] [ LOG ] INIT File
---------------------------------------------------------------
[ 2018-09-12T18:44:51+08:00 ] 127.0.0.1 GET /index.php/api/plugs/test2
[ info ] car.com/index.php/api/plugs/test2 [运行时间：0.438025s][吞吐率：2.28req/s] [内存消耗：1,644.09kb] [文件加载：73]
[ info ] [ LANG ] E:\car_subsystem\thinkphp\lang\zh-cn.php
[ info ] [ ROUTE ] array (
)
[ info ] [ HEADER ] array (
  'accept-language' => 'zh-CN,zh;q=0.9',
  'accept-encoding' => 'gzip, deflate',
  'accept' => 'text/html,application/xhtml+xml,application/xml;q=0.9,image/webp,image/apng,*/*;q=0.8',
  'user-agent' => 'Mozilla/5.0 (Windows NT 6.1; WOW64) AppleWebKit/537.36 (KHTML, like Gecko) Chrome/68.0.3440.106 Safari/537.36',
  'upgrade-insecure-requests' => '1',
  'cache-control' => 'max-age=0',
  'connection' => 'close',
  'host' => 'car.com',
)
[ info ] [ PARAM ] array (
)
[ info ] [ BEHAVIOR ] Run Closure @action_begin [ RunTime:0.001000s ]
[ info ] [ DB ] INIT mysql
[ info ] [ LOG ] INIT File
---------------------------------------------------------------
[ 2018-09-12T18:44:52+08:00 ] 127.0.0.1 GET /index.php/api/plugs/test2
[ info ] car.com/index.php/api/plugs/test2 [运行时间：0.392022s][吞吐率：2.55req/s] [内存消耗：1,644.09kb] [文件加载：73]
[ info ] [ LANG ] E:\car_subsystem\thinkphp\lang\zh-cn.php
[ info ] [ ROUTE ] array (
)
[ info ] [ HEADER ] array (
  'accept-language' => 'zh-CN,zh;q=0.9',
  'accept-encoding' => 'gzip, deflate',
  'accept' => 'text/html,application/xhtml+xml,application/xml;q=0.9,image/webp,image/apng,*/*;q=0.8',
  'user-agent' => 'Mozilla/5.0 (Windows NT 6.1; WOW64) AppleWebKit/537.36 (KHTML, like Gecko) Chrome/68.0.3440.106 Safari/537.36',
  'upgrade-insecure-requests' => '1',
  'cache-control' => 'max-age=0',
  'connection' => 'close',
  'host' => 'car.com',
)
[ info ] [ PARAM ] array (
)
[ info ] [ BEHAVIOR ] Run Closure @action_begin [ RunTime:0.000000s ]
[ info ] [ DB ] INIT mysql
[ info ] [ LOG ] INIT File
---------------------------------------------------------------
[ 2018-09-12T18:44:53+08:00 ] 127.0.0.1 GET /index.php/api/plugs/test2
[ info ] car.com/index.php/api/plugs/test2 [运行时间：0.411023s][吞吐率：2.43req/s] [内存消耗：1,644.09kb] [文件加载：73]
[ info ] [ LANG ] E:\car_subsystem\thinkphp\lang\zh-cn.php
[ info ] [ ROUTE ] array (
)
[ info ] [ HEADER ] array (
  'accept-language' => 'zh-CN,zh;q=0.9',
  'accept-encoding' => 'gzip, deflate',
  'accept' => 'text/html,application/xhtml+xml,application/xml;q=0.9,image/webp,image/apng,*/*;q=0.8',
  'user-agent' => 'Mozilla/5.0 (Windows NT 6.1; WOW64) AppleWebKit/537.36 (KHTML, like Gecko) Chrome/68.0.3440.106 Safari/537.36',
  'upgrade-insecure-requests' => '1',
  'cache-control' => 'max-age=0',
  'connection' => 'close',
  'host' => 'car.com',
)
[ info ] [ PARAM ] array (
)
[ info ] [ BEHAVIOR ] Run Closure @action_begin [ RunTime:0.000000s ]
[ info ] [ DB ] INIT mysql
[ info ] [ LOG ] INIT File
